# cmd: /home/hhk22/RODE-plus/.venv3/bin/python3 /home/hhk22/RODE-plus/src/main.py --alg=rode --env=sc2 --map=sc2_2c_vs_64zg with seed=1 torch_num_threads=1
/home/hhk22/RODE-plus/.venv3/lib/python3.10/site-packages/sacred/dependencies.py:11: UserWarning: pkg_resources is deprecated as an API. See https://setuptools.pypa.io/en/latest/pkg_resources.html. The pkg_resources package is slated for removal as early as 2025-11-30. Refrain from using this package or pin to Setuptools<81.
  import pkg_resources
[DEBUG 01:22:45] git.cmd Popen(['git', 'version'], cwd=/home/hhk22/RODE-plus, stdin=None, shell=False, universal_newlines=False)
[DEBUG 01:22:45] git.cmd Popen(['git', 'version'], cwd=/home/hhk22/RODE-plus, stdin=None, shell=False, universal_newlines=False)
[DEBUG 01:22:45] git.util sys.platform='linux', git_executable='git'
[DEBUG 01:22:45] git.cmd Popen(['git', 'diff', '--cached', '--abbrev=40', '--full-index', '--raw'], cwd=/home/hhk22/RODE-plus, stdin=None, shell=False, universal_newlines=False)
[DEBUG 01:22:45] git.cmd Popen(['git', 'diff', '--abbrev=40', '--full-index', '--raw'], cwd=/home/hhk22/RODE-plus, stdin=None, shell=False, universal_newlines=False)
[DEBUG 01:22:46] git.cmd Popen(['git', 'cat-file', '--batch-check'], cwd=/home/hhk22/RODE-plus, stdin=<valid stream>, shell=False, universal_newlines=False)
[DEBUG 01:22:46] git.util sys.platform='linux', git_executable='git'
[DEBUG 01:22:46] git.cmd Popen(['git', 'diff', '--cached', '--abbrev=40', '--full-index', '--raw'], cwd=/home/hhk22/RODE-plus, stdin=None, shell=False, universal_newlines=False)
[DEBUG 01:22:46] git.cmd Popen(['git', 'diff', '--abbrev=40', '--full-index', '--raw'], cwd=/home/hhk22/RODE-plus, stdin=None, shell=False, universal_newlines=False)
[DEBUG 01:22:46] git.cmd Popen(['git', 'cat-file', '--batch-check'], cwd=/home/hhk22/RODE-plus, stdin=<valid stream>, shell=False, universal_newlines=False)
[DEBUG 01:22:46] git.util sys.platform='linux', git_executable='git'
[DEBUG 01:22:46] git.cmd Popen(['git', 'diff', '--cached', '--abbrev=40', '--full-index', '--raw'], cwd=/home/hhk22/RODE-plus, stdin=None, shell=False, universal_newlines=False)
[DEBUG 01:22:46] git.cmd Popen(['git', 'diff', '--abbrev=40', '--full-index', '--raw'], cwd=/home/hhk22/RODE-plus, stdin=None, shell=False, universal_newlines=False)
[DEBUG 01:22:46] git.cmd Popen(['git', 'cat-file', '--batch-check'], cwd=/home/hhk22/RODE-plus, stdin=<valid stream>, shell=False, universal_newlines=False)
[INFO 01:22:46] root Saving to FileStorageObserver in /home/hhk22/RODE-plus/results/rode_seed1_sc2_2c_vs_64zg/sacred
[DEBUG 01:22:47] pymarl Using capture mode "fd"
[INFO 01:22:47] pymarl Running command 'my_main'
[INFO 01:22:47] pymarl Started run with ID "1"
[DEBUG 01:22:47] pymarl Starting Heartbeat
[DEBUG 01:22:47] my_main Started
[INFO 01:22:47] my_main Experiment Parameters:
[INFO 01:22:47] my_main 

{   'action_encoder': 'obs_reward',
    'action_latent_dim': 20,
    'action_selector': 'soft_epsilon_greedy',
    'agent': 'rode',
    'agent_output_type': 'q',
    'auto_resume': False,
    'batch_size': 32,
    'batch_size_run': 1,
    'bi_opt': False,
    'buffer_cpu_only': True,
    'buffer_size': 5000,
    'checkpoint_path': '',
    'critic_lr': 0.0005,
    'double_q': True,
    'env': 'sc2',
    'env_args': {   'continuing_episode': False,
                    'debug': False,
                    'difficulty': '7',
                    'game_version': None,
                    'heuristic_ai': False,
                    'heuristic_rest': False,
                    'map_name': '2c_vs_64zg',
                    'move_amount': 2,
                    'obs_all_health': True,
                    'obs_instead_of_state': False,
                    'obs_last_action': False,
                    'obs_own_health': True,
                    'obs_pathing_grid': False,
                    'obs_terrain_height': False,
                    'obs_timestep_number': False,
                    'replay_dir': '',
                    'replay_prefix': '',
                    'reward_death_value': 10,
                    'reward_defeat': 0,
                    'reward_negative_scale': 0.5,
                    'reward_only_positive': True,
                    'reward_scale': True,
                    'reward_scale_rate': 20,
                    'reward_sparse': False,
                    'reward_win': 200,
                    'seed': 1,
                    'state_last_action': True,
                    'state_timestep_number': False,
                    'step_mul': 8},
    'epsilon_anneal_time': 50000,
    'epsilon_anneal_time_exp': 50000,
    'epsilon_finish': 0.05,
    'epsilon_start': 1.0,
    'evaluate': False,
    'gamma': 0.99,
    'grad_norm_clip': 10,
    'hypernet_embed': 64,
    'hypernet_layers': 2,
    'label': 'default_label',
    'learner': 'rode_learner',
    'learner_log_interval': 10000,
    'load_step': 0,
    'local_results_path': '/home/hhk22/RODE-plus/results/rode_seed1_sc2_2c_vs_64zg',
    'log_interval': 10000,
    'lr': 0.0005,
    'mac': 'rode_mac',
    'mixer': 'qmix',
    'mixing_embed_dim': 32,
    'n_role_clusters': 3,
    'name': 'rode',
    'obs_agent_id': True,
    'obs_last_action': True,
    'optim_alpha': 0.99,
    'optim_eps': 1e-05,
    'repeat_id': 1,
    'rnn_hidden_dim': 64,
    'role': 'dot',
    'role_action_spaces_update_start': 50000,
    'role_epsilon_finish': 0.05,
    'role_interval': 5,
    'role_mixer': 'qmix',
    'role_selector': 'dot',
    'run_name': 'rode_seed1_sc2_2c_vs_64zg',
    'runner': 'episode',
    'runner_log_interval': 10000,
    'save_model': True,
    'save_model_final_only': False,
    'save_model_interval': 100000,
    'save_replay': False,
    'seed': 1,
    'state_latent_dim': 32,
    't_max': 2050000,
    'target_update_interval': 200,
    'test_greedy': True,
    'test_interval': 10000,
    'test_nepisode': 32,
    'torch_num_threads': 1,
    'use_cuda': True,
    'use_tensorboard': True,
    'verbose': False}

[DEBUG 01:22:47] pymarl Stopping Heartbeat
[ERROR 01:22:47] pymarl Failed after 0:00:00!
Traceback (most recent calls WITHOUT Sacred internals):
  File "/home/hhk22/RODE-plus/src/main.py", line 38, in my_main
    run(_run, config, _log)
  File "/home/hhk22/RODE-plus/src/run.py", line 59, in run
    run_sequential(args=args, logger=logger)
  File "/home/hhk22/RODE-plus/src/run.py", line 139, in run_sequential
    buffer = ReplayBuffer(scheme, groups, args.buffer_size, env_info["episode_limit"] + 1,
  File "/home/hhk22/RODE-plus/src/components/episode_buffer.py", line 222, in __init__
    super(ReplayBuffer, self).__init__(scheme, groups, buffer_size, max_seq_length, preprocess=preprocess, device=device)
  File "/home/hhk22/RODE-plus/src/components/episode_buffer.py", line 28, in __init__
    self._setup_data(self.scheme, self.groups, batch_size, max_seq_length, self.preprocess)
  File "/home/hhk22/RODE-plus/src/components/episode_buffer.py", line 75, in _setup_data
    self.data.transition_data[field_key] = th.zeros((batch_size, max_seq_length, *shape), dtype=dtype, device=self.device)
RuntimeError: [enforce fail at alloc_cpu.cpp:118] err == 0. DefaultCPUAllocator: can't allocate memory: you tried to allocate 2742840000 bytes. Error code 12 (Cannot allocate memory)

