# cmd: /home/hhk22/RODE-plus/.venv4/bin/python3 /home/hhk22/RODE-plus/src/main.py --alg=rode --env=sc2 --map=sc2_5m_vs_6m with seed=0 torch_num_threads=1
/home/hhk22/RODE-plus/.venv4/lib/python3.10/site-packages/sacred/dependencies.py:11: UserWarning: pkg_resources is deprecated as an API. See https://setuptools.pypa.io/en/latest/pkg_resources.html. The pkg_resources package is slated for removal as early as 2025-11-30. Refrain from using this package or pin to Setuptools<81.
  import pkg_resources
[DEBUG 07:22:07] git.cmd Popen(['git', 'version'], cwd=/home/hhk22/RODE-plus, stdin=None, shell=False, universal_newlines=False)
[DEBUG 07:22:07] git.cmd Popen(['git', 'version'], cwd=/home/hhk22/RODE-plus, stdin=None, shell=False, universal_newlines=False)
[DEBUG 07:22:07] git.util sys.platform='linux', git_executable='git'
[DEBUG 07:22:07] git.cmd Popen(['git', 'diff', '--cached', '--abbrev=40', '--full-index', '--raw'], cwd=/home/hhk22/RODE-plus, stdin=None, shell=False, universal_newlines=False)
[DEBUG 07:22:07] git.cmd Popen(['git', 'diff', '--abbrev=40', '--full-index', '--raw'], cwd=/home/hhk22/RODE-plus, stdin=None, shell=False, universal_newlines=False)
[DEBUG 07:22:07] git.cmd Popen(['git', 'cat-file', '--batch-check'], cwd=/home/hhk22/RODE-plus, stdin=<valid stream>, shell=False, universal_newlines=False)
[DEBUG 07:22:07] git.util sys.platform='linux', git_executable='git'
[DEBUG 07:22:07] git.cmd Popen(['git', 'diff', '--cached', '--abbrev=40', '--full-index', '--raw'], cwd=/home/hhk22/RODE-plus, stdin=None, shell=False, universal_newlines=False)
[DEBUG 07:22:07] git.cmd Popen(['git', 'diff', '--abbrev=40', '--full-index', '--raw'], cwd=/home/hhk22/RODE-plus, stdin=None, shell=False, universal_newlines=False)
[DEBUG 07:22:07] git.cmd Popen(['git', 'cat-file', '--batch-check'], cwd=/home/hhk22/RODE-plus, stdin=<valid stream>, shell=False, universal_newlines=False)
[DEBUG 07:22:07] git.util sys.platform='linux', git_executable='git'
[DEBUG 07:22:07] git.cmd Popen(['git', 'diff', '--cached', '--abbrev=40', '--full-index', '--raw'], cwd=/home/hhk22/RODE-plus, stdin=None, shell=False, universal_newlines=False)
[DEBUG 07:22:07] git.cmd Popen(['git', 'diff', '--abbrev=40', '--full-index', '--raw'], cwd=/home/hhk22/RODE-plus, stdin=None, shell=False, universal_newlines=False)
[DEBUG 07:22:07] git.cmd Popen(['git', 'cat-file', '--batch-check'], cwd=/home/hhk22/RODE-plus, stdin=<valid stream>, shell=False, universal_newlines=False)
[INFO 07:22:07] root Saving to FileStorageObserver in /home/hhk22/RODE-plus/results/rode_seed0_sc2_5m_vs_6m/sacred
[DEBUG 07:22:11] pymarl Using capture mode "fd"
[INFO 07:22:11] pymarl Running command 'my_main'
[INFO 07:22:11] pymarl Started run with ID "1"
[DEBUG 07:22:11] pymarl Starting Heartbeat
[DEBUG 07:22:11] my_main Started
[INFO 07:22:11] my_main Experiment Parameters:
[INFO 07:22:11] my_main 

{   'action_encoder': 'obs_reward',
    'action_latent_dim': 20,
    'action_selector': 'soft_epsilon_greedy',
    'agent': 'rode',
    'agent_output_type': 'q',
    'auto_resume': False,
    'batch_size': 32,
    'batch_size_run': 1,
    'bi_opt': False,
    'buffer_cpu_only': True,
    'buffer_size': 5000,
    'checkpoint_path': '',
    'critic_lr': 0.0005,
    'double_q': True,
    'env': 'sc2',
    'env_args': {   'continuing_episode': False,
                    'debug': False,
                    'difficulty': '7',
                    'game_version': None,
                    'heuristic_ai': False,
                    'heuristic_rest': False,
                    'map_name': '5m_vs_6m',
                    'move_amount': 2,
                    'obs_all_health': True,
                    'obs_instead_of_state': False,
                    'obs_last_action': False,
                    'obs_own_health': True,
                    'obs_pathing_grid': False,
                    'obs_terrain_height': False,
                    'obs_timestep_number': False,
                    'replay_dir': '',
                    'replay_prefix': '',
                    'reward_death_value': 10,
                    'reward_defeat': 0,
                    'reward_negative_scale': 0.5,
                    'reward_only_positive': True,
                    'reward_scale': True,
                    'reward_scale_rate': 20,
                    'reward_sparse': False,
                    'reward_win': 200,
                    'seed': 0,
                    'state_last_action': True,
                    'state_timestep_number': False,
                    'step_mul': 8},
    'epsilon_anneal_time': 50000,
    'epsilon_anneal_time_exp': 50000,
    'epsilon_finish': 0.05,
    'epsilon_start': 1.0,
    'evaluate': False,
    'gamma': 0.99,
    'grad_norm_clip': 10,
    'hypernet_embed': 64,
    'hypernet_layers': 2,
    'label': 'default_label',
    'learner': 'rode_learner',
    'learner_log_interval': 10000,
    'load_step': 0,
    'local_results_path': '/home/hhk22/RODE-plus/results/rode_seed0_sc2_5m_vs_6m',
    'log_interval': 10000,
    'lr': 0.0005,
    'mac': 'rode_mac',
    'mixer': 'qmix',
    'mixing_embed_dim': 32,
    'n_role_clusters': 3,
    'name': 'rode',
    'obs_agent_id': True,
    'obs_last_action': True,
    'optim_alpha': 0.99,
    'optim_eps': 1e-05,
    'repeat_id': 1,
    'rnn_hidden_dim': 64,
    'role': 'dot',
    'role_action_spaces_update_start': 50000,
    'role_epsilon_finish': 0.05,
    'role_interval': 5,
    'role_mixer': 'qmix',
    'role_selector': 'dot',
    'run_name': 'rode_seed0_sc2_5m_vs_6m',
    'runner': 'episode',
    'runner_log_interval': 10000,
    'save_model': True,
    'save_model_final_only': False,
    'save_model_interval': 100000,
    'save_replay': False,
    'seed': 0,
    'state_latent_dim': 32,
    't_max': 2050000,
    'target_update_interval': 200,
    'test_greedy': True,
    'test_interval': 10000,
    'test_nepisode': 32,
    'torch_num_threads': 1,
    'use_cuda': True,
    'use_tensorboard': True,
    'verbose': False}

[INFO 07:22:17] my_main Beginning training for 2050000 timesteps
[INFO 07:22:17] absl Launching SC2: /home/hhk22/RODE-plus/3rdparty/StarCraftII/Versions/Base75689/SC2_x64 -listen 127.0.0.1 -port 46822 -dataDir /home/hhk22/RODE-plus/3rdparty/StarCraftII/ -tempDir /tmp/sc-zh2y6qv7/ -eglpath libEGL.so
[INFO 07:22:17] absl Connecting to: ws://127.0.0.1:46822/sc2api, attempt: 0, running: True
Version: B75689 (SC2.4.10)
Build: Aug 12 2019 17:16:57
Command Line: '"/home/hhk22/RODE-plus/3rdparty/StarCraftII/Versions/Base75689/SC2_x64" -listen 127.0.0.1 -port 46822 -dataDir /home/hhk22/RODE-plus/3rdparty/StarCraftII/ -tempDir /tmp/sc-zh2y6qv7/ -eglpath libEGL.so'
Starting up...
Startup Phase 1 complete
[INFO 07:22:18] absl Connecting to: ws://127.0.0.1:46822/sc2api, attempt: 1, running: True
[INFO 07:22:19] absl Connecting to: ws://127.0.0.1:46822/sc2api, attempt: 2, running: True
Startup Phase 2 complete
Attempting to initialize EGL from file libEGL.so ...
Successfully loaded EGL library!
Successfully initialized display on device idx: 0, EGL version: 1.5

Running CGLSimpleDevice::HALInit...
Calling glGetString: 0x7f88131a9fe0
Version: 4.6.0 NVIDIA 535.104.05
Vendor: NVIDIA Corporation
Renderer: Tesla V100-SXM3-32GB/PCIe/SSE2
OpenGL initialized!
[INFO 07:22:20] absl Connecting to: ws://127.0.0.1:46822/sc2api, attempt: 3, running: True
[INFO 07:22:21] absl Connecting to: ws://127.0.0.1:46822/sc2api, attempt: 4, running: True
Listening on: 127.0.0.1:46822
Startup Phase 3 complete. Ready for commands.
[INFO 07:22:22] absl Connecting to: ws://127.0.0.1:46822/sc2api, attempt: 5, running: True
ConnectHandler: Request from 127.0.0.1:57170 accepted
ReadyHandler: 127.0.0.1:57170 ready
Requesting to join a single player game
Configuring interface options
Configure: raw interface enabled
Configure: feature layer interface disabled
Configure: score interface disabled
Configure: render interface disabled
Launching next game.
Next launch phase started: 2
Next launch phase started: 3
Next launch phase started: 4
Next launch phase started: 5
Next launch phase started: 6
Next launch phase started: 7
Next launch phase started: 8
Game has started.
Using default stable ids, none found at: /home/hhk22/RODE-plus/3rdparty/StarCraftII/stableid.json
Successfully loaded stable ids: GameData\stableid.json
Sending ResponseJoinGame
/home/hhk22/RODE-plus/src/components/episode_buffer.py:114: UserWarning: Creating a tensor from a list of numpy.ndarrays is extremely slow. Please consider converting the list to a single numpy.ndarray with numpy.array() before converting to a tensor. (Triggered internally at /pytorch/torch/csrc/utils/tensor_new.cpp:254.)
  v = th.as_tensor(v, dtype=dtype, device=self.device)
[INFO 07:22:31] my_main t_env: 21 / 2050000
[INFO 07:22:31] my_main Estimated time left: 47 minutes, 32 seconds. Time passed: 13 seconds
[INFO 07:22:39] my_main Saving models to /home/hhk22/RODE-plus/results/rode_seed0_sc2_5m_vs_6m/models/21
[INFO 07:25:18] my_main Updated target network
[INFO 07:27:44] my_main Recent Stats | t_env:      10016 | Episode:      370
action_encoder_grad_norm:  3.2266	battle_won_mean:           0.0000	ep_length_mean:           21.0000	epsilon:                   1.0000
grad_norm:                 3.5754	loss:                      0.0372	pred_obs_loss:             2.4579	pred_r_loss:               0.0274
q_taken_mean:             -0.0518	return_mean:               1.5849	return_std:                0.0000	role_loss:                 0.1301
role_q_taken_mean:         0.1045	target_mean:              -0.0406	td_error_abs:              0.1482	test_battle_won_mean:      0.0000
test_ep_length_mean:      20.7188	test_return_mean:          0.0000	test_return_std:           0.0000	
[INFO 07:27:45] my_main t_env: 10048 / 2050000
[INFO 07:27:45] my_main Estimated time left: 17 hours, 44 minutes, 15 seconds. Time passed: 5 minutes, 27 seconds
[INFO 07:28:17] my_main Updated target network
[INFO 07:30:59] my_main Updated target network
[INFO 07:33:10] my_main Recent Stats | t_env:      20019 | Episode:      759
action_encoder_grad_norm:  2.2680	battle_won_mean:           0.0000	ep_length_mean:           24.0500	epsilon:                   0.8097
grad_norm:                 2.0491	loss:                      0.0232	pred_obs_loss:             1.4521	pred_r_loss:               0.0142
q_taken_mean:             -0.0425	return_mean:               1.4460	return_std:                0.2163	role_loss:                 0.0798
role_q_taken_mean:         0.1159	target_mean:              -0.0326	td_error_abs:              0.1088	test_battle_won_mean:      0.0000
test_ep_length_mean:      20.7656	test_return_mean:          0.0000	test_return_std:           0.0000	
[INFO 07:33:11] my_main t_env: 20068 / 2050000
[INFO 07:33:11] my_main Estimated time left: 18 hours, 23 minutes, 2 seconds. Time passed: 10 minutes, 54 seconds
[INFO 07:33:53] my_main Updated target network
[INFO 07:36:31] my_main Updated target network
[INFO 07:38:42] my_main Recent Stats | t_env:      30035 | Episode:     1175
action_encoder_grad_norm:  1.9979	battle_won_mean:           0.0000	ep_length_mean:           24.5974	epsilon:                   0.6192
grad_norm:                 1.6534	loss:                      0.0179	pred_obs_loss:             1.0976	pred_r_loss:               0.0098
q_taken_mean:             -0.0250	return_mean:               1.3319	return_std:                0.2827	role_loss:                 0.0651
role_q_taken_mean:         0.1312	target_mean:              -0.0181	td_error_abs:              0.0932	test_battle_won_mean:      0.0000
test_ep_length_mean:      20.8125	test_return_mean:          0.0000	test_return_std:           0.0000	
[INFO 07:38:44] my_main t_env: 30079 / 2050000
[INFO 07:38:44] my_main Estimated time left: 18 hours, 37 minutes, 31 seconds. Time passed: 16 minutes, 26 seconds
[INFO 07:39:10] my_main Updated target network
[INFO 07:41:37] my_main Updated target network
[INFO 07:43:58] my_main Updated target network
[INFO 07:44:03] my_main Recent Stats | t_env:      40047 | Episode:     1610
action_encoder_grad_norm:  1.8827	battle_won_mean:           0.0000	ep_length_mean:           24.4643	epsilon:                   0.4289
grad_norm:                 1.4849	loss:                      0.0155	pred_obs_loss:             0.9068	pred_r_loss:               0.0075
q_taken_mean:             -0.0115	return_mean:               1.2244	return_std:                0.3073	role_loss:                 0.0613
role_q_taken_mean:         0.1231	target_mean:              -0.0052	td_error_abs:              0.0863	test_battle_won_mean:      0.0000
test_ep_length_mean:      20.8594	test_return_mean:          0.0000	test_return_std:           0.0000	
[INFO 07:44:05] my_main t_env: 40093 / 2050000
[INFO 07:44:05] my_main Estimated time left: 17 hours, 53 minutes, 42 seconds. Time passed: 21 minutes, 47 seconds
[INFO 07:46:25] my_main Updated target network
[INFO 07:48:45] my_main Updated target network
[INFO 07:49:28] my_main Updated target network
[INFO 07:49:30] my_main Recent Stats | t_env:      50064 | Episode:     2067
action_encoder_grad_norm:  1.7112	battle_won_mean:           0.0000	ep_length_mean:           24.1756	epsilon:                   0.2387
grad_norm:                 1.2235	loss:                      0.0138	pred_obs_loss:             0.8262	pred_r_loss:               0.0062
q_taken_mean:             -0.0006	return_mean:               1.0980	return_std:                0.3128	role_loss:                 0.0534
role_q_taken_mean:         0.1179	target_mean:               0.0042	td_error_abs:              0.0811	test_battle_won_mean:      0.0000
test_ep_length_mean:      20.8438	test_return_mean:          0.0000	test_return_std:           0.0000	
[INFO 07:49:31] my_main t_env: 50122 / 2050000
[INFO 07:49:31] my_main Estimated time left: 18 hours, 5 minutes, 26 seconds. Time passed: 27 minutes, 14 seconds
[INFO 07:52:03] my_main Updated target network
RequestQuit command received.
Closing Application...
DataHandler: unable to parse websocket frame.
CloseHandler: 127.0.0.1:57170 disconnected
[INFO 07:53:41] absl Shutdown gracefully.
[INFO 07:53:41] absl Shutdown with return code: -15
[INFO 07:53:41] absl Launching SC2: /home/hhk22/RODE-plus/3rdparty/StarCraftII/Versions/Base75689/SC2_x64 -listen 127.0.0.1 -port 46131 -dataDir /home/hhk22/RODE-plus/3rdparty/StarCraftII/ -tempDir /tmp/sc-_u9p29ry/ -eglpath libEGL.so
[INFO 07:53:41] absl Connecting to: ws://127.0.0.1:46131/sc2api, attempt: 0, running: True
Version: B75689 (SC2.4.10)
Build: Aug 12 2019 17:16:57
Command Line: '"/home/hhk22/RODE-plus/3rdparty/StarCraftII/Versions/Base75689/SC2_x64" -listen 127.0.0.1 -port 46131 -dataDir /home/hhk22/RODE-plus/3rdparty/StarCraftII/ -tempDir /tmp/sc-_u9p29ry/ -eglpath libEGL.so'
Starting up...
Startup Phase 1 complete
[INFO 07:53:42] absl Connecting to: ws://127.0.0.1:46131/sc2api, attempt: 1, running: True
Startup Phase 2 complete
Attempting to initialize EGL from file libEGL.so ...
Successfully loaded EGL library!
Successfully initialized display on device idx: 0, EGL version: 1.5

Running CGLSimpleDevice::HALInit...
Calling glGetString: 0x7fa1910e0fe0
Version: 4.6.0 NVIDIA 535.104.05
Vendor: NVIDIA Corporation
Renderer: Tesla V100-SXM3-32GB/PCIe/SSE2
OpenGL initialized!
[INFO 07:53:43] absl Connecting to: ws://127.0.0.1:46131/sc2api, attempt: 2, running: True
Listening on: 127.0.0.1:46131
Startup Phase 3 complete. Ready for commands.
[INFO 07:53:44] absl Connecting to: ws://127.0.0.1:46131/sc2api, attempt: 3, running: True
ConnectHandler: Request from 127.0.0.1:53390 accepted
ReadyHandler: 127.0.0.1:53390 ready
Requesting to join a single player game
Configuring interface options
Configure: raw interface enabled
Configure: feature layer interface disabled
Configure: score interface disabled
Configure: render interface disabled
Launching next game.
Next launch phase started: 2
Next launch phase started: 3
Next launch phase started: 4
Next launch phase started: 5
Next launch phase started: 6
Next launch phase started: 7
Next launch phase started: 8
Game has started.
Using default stable ids, none found at: /home/hhk22/RODE-plus/3rdparty/StarCraftII/stableid.json
Successfully loaded stable ids: GameData\stableid.json
Sending ResponseJoinGame
[INFO 07:54:10] my_main Recent Stats | t_env:      60098 | Episode:     2445
action_encoder_grad_norm:  1.7112	battle_won_mean:           0.0000	ep_length_mean:           24.3646	epsilon:                   0.9986
grad_norm:                 0.5379	loss:                      0.0077	pred_obs_loss:             0.8262	pred_r_loss:               0.0062
q_taken_mean:              0.0244	return_mean:               0.8416	return_std:                0.3725	role_loss:                 0.0339
role_q_taken_mean:         0.1006	target_mean:               0.0278	td_error_abs:              0.0635	test_battle_won_mean:      0.0000
test_ep_length_mean:      30.7000	test_return_mean:          0.0000	test_return_std:           0.0000	
[INFO 07:54:10] my_main t_env: 60122 / 2050000
[INFO 07:54:10] my_main Estimated time left: 15 hours, 26 minutes, 18 seconds. Time passed: 31 minutes, 53 seconds
[INFO 07:54:31] my_main Updated target network
[INFO 07:56:38] my_main Updated target network
[INFO 07:58:35] my_main Updated target network
[INFO 07:58:54] my_main Recent Stats | t_env:      70098 | Episode:     2898
action_encoder_grad_norm:  1.7112	battle_won_mean:           0.0000	ep_length_mean:           24.2497	epsilon:                   0.8084
grad_norm:                 0.4870	loss:                      0.0083	pred_obs_loss:             0.8262	pred_r_loss:               0.0062
q_taken_mean:              0.0600	return_mean:               0.8622	return_std:                0.3784	role_loss:                 0.0358
role_q_taken_mean:         0.0898	target_mean:               0.0618	td_error_abs:              0.0655	test_battle_won_mean:      0.0000
test_ep_length_mean:      30.5063	test_return_mean:          0.0453	test_return_std:           0.0000	
[INFO 07:58:55] my_main t_env: 70135 / 2050000
[INFO 07:58:55] my_main Estimated time left: 15 hours, 37 minutes, 14 seconds. Time passed: 36 minutes, 38 seconds
[INFO 08:00:38] my_main Updated target network
[INFO 08:02:32] my_main Updated target network
[INFO 08:03:59] my_main Recent Stats | t_env:      80098 | Episode:     3422
action_encoder_grad_norm:  1.7112	battle_won_mean:           0.0000	ep_length_mean:           23.5222	epsilon:                   0.6181
grad_norm:                 0.3656	loss:                      0.0095	pred_obs_loss:             0.8262	pred_r_loss:               0.0062
q_taken_mean:              0.1016	return_mean:               0.9559	return_std:                0.4032	role_loss:                 0.0364
role_q_taken_mean:         0.0816	target_mean:               0.1029	td_error_abs:              0.0704	test_battle_won_mean:      0.0000
test_ep_length_mean:      30.0562	test_return_mean:          0.0778	test_return_std:           0.0456	
[INFO 08:04:00] my_main t_env: 80135 / 2050000
[INFO 08:04:00] my_main Estimated time left: 16 hours, 42 minutes, 8 seconds. Time passed: 41 minutes, 43 seconds
[INFO 08:04:29] my_main Updated target network
[INFO 08:06:23] my_main Updated target network
[INFO 08:08:12] my_main Updated target network
[INFO 08:09:01] my_main Recent Stats | t_env:      90115 | Episode:     3948
action_encoder_grad_norm:  1.7112	battle_won_mean:           0.0000	ep_length_mean:           22.5260	epsilon:                   0.4281
grad_norm:                 0.2495	loss:                      0.0109	pred_obs_loss:             0.8262	pred_r_loss:               0.0062
q_taken_mean:              0.1549	return_mean:               1.2775	return_std:                0.4821	role_loss:                 0.0368
role_q_taken_mean:         0.0955	target_mean:               0.1545	td_error_abs:              0.0758	test_battle_won_mean:      0.0000
test_ep_length_mean:      29.4375	test_return_mean:          1.0993	test_return_std:           0.1501	
[INFO 08:09:02] my_main t_env: 90154 / 2050000
[INFO 08:09:02] my_main Estimated time left: 16 hours, 23 minutes, 28 seconds. Time passed: 46 minutes, 44 seconds
[INFO 08:10:13] my_main Updated target network
[INFO 08:12:05] my_main Updated target network
[INFO 08:13:55] my_main Updated target network
[INFO 08:13:58] my_main Saving models to /home/hhk22/RODE-plus/results/rode_seed0_sc2_5m_vs_6m/models/100027
[INFO 08:14:01] my_main Recent Stats | t_env:     100115 | Episode:     4476
action_encoder_grad_norm:  1.7112	battle_won_mean:           0.0000	ep_length_mean:           21.7314	epsilon:                   0.2378
grad_norm:                 0.4487	loss:                      0.0137	pred_obs_loss:             0.8262	pred_r_loss:               0.0062
q_taken_mean:              0.2209	return_mean:               1.9038	return_std:                0.6033	role_loss:                 0.0699
role_q_taken_mean:         0.1225	target_mean:               0.2198	td_error_abs:              0.0848	test_battle_won_mean:      0.0000
test_ep_length_mean:      28.9187	test_return_mean:          2.2429	test_return_std:           0.2995	
[INFO 08:14:03] my_main t_env: 100174 / 2050000
[INFO 08:14:03] my_main Estimated time left: 16 hours, 16 minutes, 0 seconds. Time passed: 51 minutes, 45 seconds
[INFO 08:15:48] my_main Updated target network
[INFO 08:17:36] my_main Updated target network
[INFO 08:18:49] my_main Recent Stats | t_env:     110125 | Episode:     5005
action_encoder_grad_norm:  1.7112	battle_won_mean:           0.0000	ep_length_mean:           21.1306	epsilon:                   0.0500
grad_norm:                 0.8350	loss:                      0.0169	pred_obs_loss:             0.8262	pred_r_loss:               0.0062
q_taken_mean:              0.2918	return_mean:               2.8422	return_std:                0.7513	role_loss:                 0.1196
role_q_taken_mean:         0.1661	target_mean:               0.2886	td_error_abs:              0.0948	test_battle_won_mean:      0.0000
test_ep_length_mean:      18.5250	test_return_mean:          3.4123	test_return_std:           0.3966	
[INFO 08:18:50] my_main t_env: 110181 / 2050000
[INFO 08:18:50] my_main Estimated time left: 15 hours, 29 minutes, 15 seconds. Time passed: 56 minutes, 33 seconds
[INFO 08:19:27] my_main Updated target network
[INFO 08:21:11] my_main Updated target network
[INFO 08:22:53] my_main Updated target network
[INFO 08:23:22] my_main Recent Stats | t_env:     120127 | Episode:     5519
action_encoder_grad_norm:  1.7112	battle_won_mean:           0.0000	ep_length_mean:           19.6090	epsilon:                   0.0500
grad_norm:                 1.0667	loss:                      0.0196	pred_obs_loss:             0.8262	pred_r_loss:               0.0062
q_taken_mean:              0.3568	return_mean:               3.7435	return_std:                0.8416	role_loss:                 0.1644
role_q_taken_mean:         0.2013	target_mean:               0.3546	td_error_abs:              0.1012	test_battle_won_mean:      0.0000
test_ep_length_mean:      18.3250	test_return_mean:          4.6281	test_return_std:           0.5506	
[INFO 08:23:23] my_main t_env: 120182 / 2050000
[INFO 08:23:23] my_main Estimated time left: 14 hours, 37 minutes, 28 seconds. Time passed: 1 hours, 1 minutes, 6 seconds
RequestQuit command received.
DataHandler: unable to parse websocket frame.
Closing Application...
CloseHandler: 127.0.0.1:53390 disconnected
ResponseThread: No connection, dropping the response.
[INFO 08:23:27] absl Shutdown gracefully.
[INFO 08:23:27] absl Shutdown with return code: -15
[INFO 08:23:27] absl Launching SC2: /home/hhk22/RODE-plus/3rdparty/StarCraftII/Versions/Base75689/SC2_x64 -listen 127.0.0.1 -port 42813 -dataDir /home/hhk22/RODE-plus/3rdparty/StarCraftII/ -tempDir /tmp/sc-0chbv1di/ -eglpath libEGL.so
[INFO 08:23:27] absl Connecting to: ws://127.0.0.1:42813/sc2api, attempt: 0, running: True
Version: B75689 (SC2.4.10)
Build: Aug 12 2019 17:16:57
Command Line: '"/home/hhk22/RODE-plus/3rdparty/StarCraftII/Versions/Base75689/SC2_x64" -listen 127.0.0.1 -port 42813 -dataDir /home/hhk22/RODE-plus/3rdparty/StarCraftII/ -tempDir /tmp/sc-0chbv1di/ -eglpath libEGL.so'
Starting up...
Startup Phase 1 complete
[INFO 08:23:28] absl Connecting to: ws://127.0.0.1:42813/sc2api, attempt: 1, running: True
Startup Phase 2 complete
Attempting to initialize EGL from file libEGL.so ...
Successfully loaded EGL library!
Successfully initialized display on device idx: 0, EGL version: 1.5

Running CGLSimpleDevice::HALInit...
Calling glGetString: 0x7fb1efc96fe0
Version: 4.6.0 NVIDIA 535.104.05
Vendor: NVIDIA Corporation
Renderer: Tesla V100-SXM3-32GB/PCIe/SSE2
OpenGL initialized!
[INFO 08:23:29] absl Connecting to: ws://127.0.0.1:42813/sc2api, attempt: 2, running: True
Listening on: 127.0.0.1:42813
Startup Phase 3 complete. Ready for commands.
[INFO 08:23:30] absl Connecting to: ws://127.0.0.1:42813/sc2api, attempt: 3, running: True
ConnectHandler: Request from 127.0.0.1:43506 accepted
ReadyHandler: 127.0.0.1:43506 ready
Requesting to join a single player game
Configuring interface options
Configure: raw interface enabled
Configure: feature layer interface disabled
Configure: score interface disabled
Configure: render interface disabled
Launching next game.
Next launch phase started: 2
Next launch phase started: 3
Next launch phase started: 4
Next launch phase started: 5
Next launch phase started: 6
Next launch phase started: 7
Next launch phase started: 8
Game has started.
Using default stable ids, none found at: /home/hhk22/RODE-plus/3rdparty/StarCraftII/stableid.json
Successfully loaded stable ids: GameData\stableid.json
Sending ResponseJoinGame
[INFO 08:24:52] my_main Updated target network
[INFO 08:26:35] my_main Updated target network
[INFO 08:27:34] my_main Recent Stats | t_env:     130133 | Episode:     5968
action_encoder_grad_norm:  1.7112	battle_won_mean:           0.0000	ep_length_mean:           19.0894	epsilon:                   0.0500
grad_norm:                 2.5969	loss:                      0.0260	pred_obs_loss:             0.8262	pred_r_loss:               0.0062
q_taken_mean:              0.4287	return_mean:               4.6240	return_std:                0.9229	role_loss:                 0.2796
role_q_taken_mean:         0.2619	target_mean:               0.4223	td_error_abs:              0.1156	test_battle_won_mean:      0.0000
test_ep_length_mean:      18.4375	test_return_mean:          5.8894	test_return_std:           0.6094	
[INFO 08:27:36] my_main t_env: 130198 / 2050000
[INFO 08:27:36] my_main Estimated time left: 13 hours, 27 minutes, 42 seconds. Time passed: 1 hours, 5 minutes, 19 seconds
[INFO 08:28:38] my_main Updated target network
[INFO 08:30:38] my_main Updated target network
[INFO 08:31:40] my_main Recent Stats | t_env:     140135 | Episode:     6366
action_encoder_grad_norm:  1.7112	battle_won_mean:           0.0000	ep_length_mean:           19.7341	epsilon:                   0.0500
grad_norm:                 3.1243	loss:                      0.0291	pred_obs_loss:             0.8262	pred_r_loss:               0.0062
q_taken_mean:              0.4830	return_mean:               5.2722	return_std:                0.9887	role_loss:                 0.3447
role_q_taken_mean:         0.3000	target_mean:               0.4797	td_error_abs:              0.1232	test_battle_won_mean:      0.0000
test_ep_length_mean:      19.3625	test_return_mean:          6.1276	test_return_std:           0.6883	
[INFO 08:31:41] my_main t_env: 140200 / 2050000
[INFO 08:31:41] my_main Estimated time left: 13 hours, 26 seconds. Time passed: 1 hours, 9 minutes, 24 seconds
[INFO 08:32:51] my_main Updated target network
[INFO 08:34:53] my_main Updated target network
[INFO 08:35:52] my_main Recent Stats | t_env:     150143 | Episode:     6759
action_encoder_grad_norm:  1.7112	battle_won_mean:           0.0000	ep_length_mean:           20.9507	epsilon:                   0.0500
grad_norm:                 4.0455	loss:                      0.0309	pred_obs_loss:             0.8262	pred_r_loss:               0.0062
q_taken_mean:              0.5232	return_mean:               5.6603	return_std:                1.0333	role_loss:                 0.3966
role_q_taken_mean:         0.3378	target_mean:               0.5231	td_error_abs:              0.1268	test_battle_won_mean:      0.0000
test_ep_length_mean:      20.3062	test_return_mean:          6.3392	test_return_std:           0.7287	
[INFO 08:35:54] my_main t_env: 150213 / 2050000
[INFO 08:35:54] my_main Estimated time left: 13 hours, 19 minutes, 1 seconds. Time passed: 1 hours, 13 minutes, 37 seconds
[INFO 08:37:05] my_main Updated target network
[INFO 08:39:06] my_main Updated target network
[INFO 08:40:22] my_main Recent Stats | t_env:     160164 | Episode:     7192
action_encoder_grad_norm:  1.7112	battle_won_mean:           0.0000	ep_length_mean:           22.2581	epsilon:                   0.0500
grad_norm:                 4.1144	loss:                      0.0332	pred_obs_loss:             0.8262	pred_r_loss:               0.0062
q_taken_mean:              0.5699	return_mean:               5.9219	return_std:                1.0571	role_loss:                 0.4102
role_q_taken_mean:         0.4068	target_mean:               0.5743	td_error_abs:              0.1327	test_battle_won_mean:      0.0000
test_ep_length_mean:      21.1750	test_return_mean:          6.4205	test_return_std:           0.7593	
[INFO 08:40:24] my_main t_env: 160233 / 2050000
[INFO 08:40:24] my_main Estimated time left: 14 hours, 10 minutes, 29 seconds. Time passed: 1 hours, 18 minutes, 7 seconds
[INFO 08:41:16] my_main Updated target network
[INFO 08:43:14] my_main Updated target network
[INFO 08:44:55] my_main Recent Stats | t_env:     170176 | Episode:     7639
action_encoder_grad_norm:  1.7112	battle_won_mean:           0.0000	ep_length_mean:           23.1029	epsilon:                   0.0500
grad_norm:                 4.2306	loss:                      0.0339	pred_obs_loss:             0.8262	pred_r_loss:               0.0062
q_taken_mean:              0.6124	return_mean:               6.0585	return_std:                1.0744	role_loss:                 0.4339
role_q_taken_mean:         0.4883	target_mean:               0.6182	td_error_abs:              0.1367	test_battle_won_mean:      0.0000
test_ep_length_mean:      22.1750	test_return_mean:          6.6347	test_return_std:           0.7932	
[INFO 08:44:56] my_main t_env: 170248 / 2050000
[INFO 08:44:56] my_main Estimated time left: 14 hours, 10 minutes, 32 seconds. Time passed: 1 hours, 22 minutes, 39 seconds
[INFO 08:45:19] my_main Updated target network
[INFO 08:47:13] my_main Updated target network
[INFO 08:49:04] my_main Updated target network
[INFO 08:49:32] my_main Recent Stats | t_env:     180177 | Episode:     8117
action_encoder_grad_norm:  1.7112	battle_won_mean:           0.0000	ep_length_mean:           23.6924	epsilon:                   0.0500
grad_norm:                 3.6163	loss:                      0.0350	pred_obs_loss:             0.8262	pred_r_loss:               0.0062
q_taken_mean:              0.6306	return_mean:               6.2370	return_std:                1.0855	role_loss:                 0.3889
role_q_taken_mean:         0.5320	target_mean:               0.6356	td_error_abs:              0.1385	test_battle_won_mean:      0.0000
test_ep_length_mean:      23.0000	test_return_mean:          6.9354	test_return_std:           0.9374	
[INFO 08:49:34] my_main t_env: 180253 / 2050000
[INFO 08:49:34] my_main Estimated time left: 14 hours, 25 minutes, 38 seconds. Time passed: 1 hours, 27 minutes, 17 seconds
RequestQuit command received.
Closing Application...
DataHandler: unable to parse websocket frame.
CloseHandler: 127.0.0.1:43506 disconnected
[INFO 08:49:44] absl Shutdown gracefully.
[INFO 08:49:44] absl Shutdown with return code: -15
[INFO 08:49:44] absl Launching SC2: /home/hhk22/RODE-plus/3rdparty/StarCraftII/Versions/Base75689/SC2_x64 -listen 127.0.0.1 -port 43657 -dataDir /home/hhk22/RODE-plus/3rdparty/StarCraftII/ -tempDir /tmp/sc-rvtv6moi/ -eglpath libEGL.so
[INFO 08:49:44] absl Connecting to: ws://127.0.0.1:43657/sc2api, attempt: 0, running: True
Version: B75689 (SC2.4.10)
Build: Aug 12 2019 17:16:57
Command Line: '"/home/hhk22/RODE-plus/3rdparty/StarCraftII/Versions/Base75689/SC2_x64" -listen 127.0.0.1 -port 43657 -dataDir /home/hhk22/RODE-plus/3rdparty/StarCraftII/ -tempDir /tmp/sc-rvtv6moi/ -eglpath libEGL.so'
Starting up...
Startup Phase 1 complete
[INFO 08:49:45] absl Connecting to: ws://127.0.0.1:43657/sc2api, attempt: 1, running: True
Startup Phase 2 complete
Attempting to initialize EGL from file libEGL.so ...
Successfully loaded EGL library!
Successfully initialized display on device idx: 0, EGL version: 1.5

Running CGLSimpleDevice::HALInit...
Calling glGetString: 0x7fa0ef22bfe0
Version: 4.6.0 NVIDIA 535.104.05
Vendor: NVIDIA Corporation
Renderer: Tesla V100-SXM3-32GB/PCIe/SSE2
OpenGL initialized!
[INFO 08:49:46] absl Connecting to: ws://127.0.0.1:43657/sc2api, attempt: 2, running: True
Listening on: 127.0.0.1:43657
Startup Phase 3 complete. Ready for commands.
[INFO 08:49:47] absl Connecting to: ws://127.0.0.1:43657/sc2api, attempt: 3, running: True
ConnectHandler: Request from 127.0.0.1:57488 accepted
ReadyHandler: 127.0.0.1:57488 ready
Requesting to join a single player game
Configuring interface options
Configure: raw interface enabled
Configure: feature layer interface disabled
Configure: score interface disabled
Configure: render interface disabled
Launching next game.
Next launch phase started: 2
Next launch phase started: 3
Next launch phase started: 4
Next launch phase started: 5
Next launch phase started: 6
Next launch phase started: 7
Next launch phase started: 8
Game has started.
Using default stable ids, none found at: /home/hhk22/RODE-plus/3rdparty/StarCraftII/stableid.json
Successfully loaded stable ids: GameData\stableid.json
Sending ResponseJoinGame
[INFO 08:51:11] my_main Updated target network
[INFO 08:53:03] my_main Updated target network
[INFO 08:54:17] my_main Recent Stats | t_env:     190192 | Episode:     8595
action_encoder_grad_norm:  1.7112	battle_won_mean:           0.0000	ep_length_mean:           23.4084	epsilon:                   0.0500
grad_norm:                 3.5128	loss:                      0.0339	pred_obs_loss:             0.8262	pred_r_loss:               0.0062
q_taken_mean:              0.6612	return_mean:               6.4601	return_std:                1.0902	role_loss:                 0.3671
role_q_taken_mean:         0.6026	target_mean:               0.6622	td_error_abs:              0.1339	test_battle_won_mean:      0.0000
test_ep_length_mean:      22.6938	test_return_mean:          7.1061	test_return_std:           0.9804	
[INFO 08:54:19] my_main t_env: 190254 / 2050000
[INFO 08:54:19] my_main Estimated time left: 14 hours, 41 minutes, 57 seconds. Time passed: 1 hours, 32 minutes, 2 seconds
[INFO 08:55:05] my_main Updated target network
[INFO 08:56:59] my_main Updated target network
[INFO 08:58:44] my_main Saving models to /home/hhk22/RODE-plus/results/rode_seed0_sc2_5m_vs_6m/models/200036
[INFO 08:58:47] my_main Recent Stats | t_env:     200202 | Episode:     9050
action_encoder_grad_norm:  1.7112	battle_won_mean:           0.0000	ep_length_mean:           22.5756	epsilon:                   0.0500
grad_norm:                 2.7404	loss:                      0.0323	pred_obs_loss:             0.8262	pred_r_loss:               0.0062
q_taken_mean:              0.7031	return_mean:               6.7200	return_std:                1.1114	role_loss:                 0.3142
role_q_taken_mean:         0.6691	target_mean:               0.7029	td_error_abs:              0.1316	test_battle_won_mean:      0.0063
test_ep_length_mean:      22.4563	test_return_mean:          7.3288	test_return_std:           1.2748	
[INFO 08:58:49] my_main t_env: 200269 / 2050000
[INFO 08:58:49] my_main Estimated time left: 13 hours, 52 minutes, 4 seconds. Time passed: 1 hours, 36 minutes, 32 seconds
[INFO 08:59:05] my_main Updated target network
[INFO 09:01:03] my_main Updated target network
[INFO 09:03:01] my_main Updated target network
[INFO 09:03:21] my_main Recent Stats | t_env:     210210 | Episode:     9501
action_encoder_grad_norm:  1.7112	battle_won_mean:           0.0004	ep_length_mean:           21.8821	epsilon:                   0.0500
grad_norm:                 2.7265	loss:                      0.0321	pred_obs_loss:             0.8262	pred_r_loss:               0.0062
q_taken_mean:              0.7184	return_mean:               6.8969	return_std:                1.1410	role_loss:                 0.2904
role_q_taken_mean:         0.7117	target_mean:               0.7183	td_error_abs:              0.1317	test_battle_won_mean:      0.0063
test_ep_length_mean:      22.8000	test_return_mean:          7.6783	test_return_std:           1.3460	
[INFO 09:03:23] my_main t_env: 210275 / 2050000
[INFO 09:03:23] my_main Estimated time left: 13 hours, 58 minutes, 40 seconds. Time passed: 1 hours, 41 minutes, 6 seconds
[INFO 09:05:08] my_main Updated target network
[INFO 09:07:10] my_main Updated target network
[INFO 09:07:56] my_main Recent Stats | t_env:     220223 | Episode:     9945
action_encoder_grad_norm:  1.7112	battle_won_mean:           0.0018	ep_length_mean:           21.6912	epsilon:                   0.0500
grad_norm:                 2.8890	loss:                      0.0332	pred_obs_loss:             0.8262	pred_r_loss:               0.0062
q_taken_mean:              0.7228	return_mean:               7.0211	return_std:                1.2593	role_loss:                 0.2677
role_q_taken_mean:         0.7239	target_mean:               0.7229	td_error_abs:              0.1337	test_battle_won_mean:      0.0063
test_ep_length_mean:      22.5750	test_return_mean:          7.8483	test_return_std:           1.3948	
[INFO 09:07:57] my_main t_env: 220287 / 2050000
[INFO 09:07:57] my_main Estimated time left: 13 hours, 54 minutes, 58 seconds. Time passed: 1 hours, 45 minutes, 40 seconds
[INFO 09:09:11] my_main Updated target network
[INFO 09:11:03] my_main Updated target network
[INFO 09:12:24] my_main Recent Stats | t_env:     230241 | Episode:    10409
action_encoder_grad_norm:  1.7112	battle_won_mean:           0.0022	ep_length_mean:           21.7201	epsilon:                   0.0500
grad_norm:                 2.2646	loss:                      0.0292	pred_obs_loss:             0.8262	pred_r_loss:               0.0062
q_taken_mean:              0.7328	return_mean:               7.1073	return_std:                1.3420	role_loss:                 0.2390
role_q_taken_mean:         0.7367	target_mean:               0.7385	td_error_abs:              0.1238	test_battle_won_mean:      0.0063
test_ep_length_mean:      22.4438	test_return_mean:          7.9125	test_return_std:           1.3761	
[INFO 09:12:26] my_main t_env: 230304 / 2050000
[INFO 09:12:26] my_main Estimated time left: 13 hours, 34 minutes, 29 seconds. Time passed: 1 hours, 50 minutes, 9 seconds
[INFO 09:13:06] my_main Updated target network
[INFO 09:15:00] my_main Updated target network
[INFO 09:16:54] my_main Updated target network
[INFO 09:16:57] my_main Recent Stats | t_env:     240252 | Episode:    10869
action_encoder_grad_norm:  1.7112	battle_won_mean:           0.0027	ep_length_mean:           21.8603	epsilon:                   0.0500
grad_norm:                 2.7166	loss:                      0.0299	pred_obs_loss:             0.8262	pred_r_loss:               0.0062
q_taken_mean:              0.7497	return_mean:               7.2190	return_std:                1.4004	role_loss:                 0.2450
role_q_taken_mean:         0.7528	target_mean:               0.7563	td_error_abs:              0.1266	test_battle_won_mean:      0.0125
test_ep_length_mean:      22.7125	test_return_mean:          8.2684	test_return_std:           1.6104	
[INFO 09:16:58] my_main t_env: 240323 / 2050000
[INFO 09:16:58] my_main Estimated time left: 13 hours, 39 minutes, 28 seconds. Time passed: 1 hours, 54 minutes, 41 seconds
RequestQuit command received.
DataHandler: unable to parse websocket frame.
Closing Application...
CloseHandler: 127.0.0.1:57488 disconnected
ResponseThread: No connection, dropping the response.
[INFO 09:17:18] absl Shutdown gracefully.
[INFO 09:17:18] absl Shutdown with return code: -15
[INFO 09:17:18] absl Launching SC2: /home/hhk22/RODE-plus/3rdparty/StarCraftII/Versions/Base75689/SC2_x64 -listen 127.0.0.1 -port 46153 -dataDir /home/hhk22/RODE-plus/3rdparty/StarCraftII/ -tempDir /tmp/sc-vplm8r14/ -eglpath libEGL.so
[INFO 09:17:18] absl Connecting to: ws://127.0.0.1:46153/sc2api, attempt: 0, running: True
Version: B75689 (SC2.4.10)
Build: Aug 12 2019 17:16:57
Command Line: '"/home/hhk22/RODE-plus/3rdparty/StarCraftII/Versions/Base75689/SC2_x64" -listen 127.0.0.1 -port 46153 -dataDir /home/hhk22/RODE-plus/3rdparty/StarCraftII/ -tempDir /tmp/sc-vplm8r14/ -eglpath libEGL.so'
Starting up...
Startup Phase 1 complete
[INFO 09:17:19] absl Connecting to: ws://127.0.0.1:46153/sc2api, attempt: 1, running: True
Startup Phase 2 complete
Attempting to initialize EGL from file libEGL.so ...
Successfully loaded EGL library!
Successfully initialized display on device idx: 0, EGL version: 1.5

Running CGLSimpleDevice::HALInit...
Calling glGetString: 0x7f60eb00afe0
Version: 4.6.0 NVIDIA 535.104.05
Vendor: NVIDIA Corporation
Renderer: Tesla V100-SXM3-32GB/PCIe/SSE2
OpenGL initialized!
[INFO 09:17:20] absl Connecting to: ws://127.0.0.1:46153/sc2api, attempt: 2, running: True
Listening on: 127.0.0.1:46153
Startup Phase 3 complete. Ready for commands.
[INFO 09:17:21] absl Connecting to: ws://127.0.0.1:46153/sc2api, attempt: 3, running: True
ConnectHandler: Request from 127.0.0.1:40416 accepted
ReadyHandler: 127.0.0.1:40416 ready
Requesting to join a single player game
Configuring interface options
Configure: raw interface enabled
Configure: feature layer interface disabled
Configure: score interface disabled
Configure: render interface disabled
Launching next game.
Next launch phase started: 2
Next launch phase started: 3
Next launch phase started: 4
Next launch phase started: 5
Next launch phase started: 6
Next launch phase started: 7
Next launch phase started: 8
Game has started.
Using default stable ids, none found at: /home/hhk22/RODE-plus/3rdparty/StarCraftII/stableid.json
Successfully loaded stable ids: GameData\stableid.json
Sending ResponseJoinGame
[INFO 09:19:03] my_main Updated target network
[INFO 09:20:50] my_main Updated target network
[INFO 09:21:19] my_main Recent Stats | t_env:     250265 | Episode:    11321
action_encoder_grad_norm:  1.7112	battle_won_mean:           0.0040	ep_length_mean:           22.0231	epsilon:                   0.0500
grad_norm:                 2.8151	loss:                      0.0315	pred_obs_loss:             0.8262	pred_r_loss:               0.0062
q_taken_mean:              0.7502	return_mean:               7.3271	return_std:                1.4869	role_loss:                 0.2614
role_q_taken_mean:         0.7752	target_mean:               0.7550	td_error_abs:              0.1291	test_battle_won_mean:      0.0063
test_ep_length_mean:      23.1938	test_return_mean:          8.5316	test_return_std:           1.3483	
[INFO 09:21:21] my_main t_env: 250327 / 2050000
[INFO 09:21:21] my_main Estimated time left: 13 hours, 6 minutes, 23 seconds. Time passed: 1 hours, 59 minutes, 3 seconds
[INFO 09:22:44] my_main Updated target network
[INFO 09:24:23] my_main Updated target network
[INFO 09:25:15] my_main Recent Stats | t_env:     260282 | Episode:    11772
action_encoder_grad_norm:  1.7112	battle_won_mean:           0.0062	ep_length_mean:           22.0475	epsilon:                   0.0500
grad_norm:                 4.1647	loss:                      0.0323	pred_obs_loss:             0.8262	pred_r_loss:               0.0062
q_taken_mean:              0.7631	return_mean:               7.4247	return_std:                1.6194	role_loss:                 0.3148
role_q_taken_mean:         0.8117	target_mean:               0.7637	td_error_abs:              0.1285	test_battle_won_mean:      0.0437
test_ep_length_mean:      23.1938	test_return_mean:          9.2467	test_return_std:           1.9831	
[INFO 09:25:16] my_main t_env: 260347 / 2050000
[INFO 09:25:16] my_main Estimated time left: 11 hours, 42 minutes, 11 seconds. Time passed: 2 hours, 2 minutes, 59 seconds
[INFO 09:26:08] my_main Updated target network
[INFO 09:27:41] my_main Updated target network
[INFO 09:29:11] my_main Recent Stats | t_env:     270282 | Episode:    12253
action_encoder_grad_norm:  1.7112	battle_won_mean:           0.0093	ep_length_mean:           22.0537	epsilon:                   0.0500
grad_norm:                 4.2913	loss:                      0.0330	pred_obs_loss:             0.8262	pred_r_loss:               0.0062
q_taken_mean:              0.7855	return_mean:               7.6333	return_std:                1.7607	role_loss:                 0.3314
role_q_taken_mean:         0.8457	target_mean:               0.7851	td_error_abs:              0.1292	test_battle_won_mean:      0.0437
test_ep_length_mean:      22.6125	test_return_mean:          9.0267	test_return_std:           2.0040	
[INFO 09:29:13] my_main t_env: 270368 / 2050000
[INFO 09:29:13] my_main Estimated time left: 11 hours, 40 minutes, 32 seconds. Time passed: 2 hours, 6 minutes, 56 seconds
[INFO 09:29:25] my_main Updated target network
[INFO 09:30:59] my_main Updated target network
[INFO 09:32:34] my_main Updated target network
[INFO 09:33:07] my_main Recent Stats | t_env:     280297 | Episode:    12734
action_encoder_grad_norm:  1.7112	battle_won_mean:           0.0097	ep_length_mean:           21.7019	epsilon:                   0.0500
grad_norm:                 4.9568	loss:                      0.0416	pred_obs_loss:             0.8262	pred_r_loss:               0.0062
q_taken_mean:              0.8117	return_mean:               7.6200	return_std:                1.8052	role_loss:                 0.3948
role_q_taken_mean:         0.8870	target_mean:               0.8096	td_error_abs:              0.1396	test_battle_won_mean:      0.0437
test_ep_length_mean:      22.1000	test_return_mean:          8.8908	test_return_std:           1.9539	
[INFO 09:33:09] my_main t_env: 280387 / 2050000
[INFO 09:33:09] my_main Estimated time left: 11 hours, 34 minutes, 34 seconds. Time passed: 2 hours, 10 minutes, 52 seconds
[INFO 09:34:21] my_main Updated target network
[INFO 09:36:00] my_main Updated target network
[INFO 09:37:00] my_main Recent Stats | t_env:     290318 | Episode:    13184
action_encoder_grad_norm:  1.7112	battle_won_mean:           0.0092	ep_length_mean:           21.5501	epsilon:                   0.0500
grad_norm:                 4.5094	loss:                      0.0451	pred_obs_loss:             0.8262	pred_r_loss:               0.0062
q_taken_mean:              0.8192	return_mean:               7.6054	return_std:                1.7659	role_loss:                 0.3931
role_q_taken_mean:         0.9017	target_mean:               0.8175	td_error_abs:              0.1458	test_battle_won_mean:      0.0437
test_ep_length_mean:      22.6187	test_return_mean:          9.0377	test_return_std:           1.9490	
[INFO 09:37:01] my_main t_env: 290387 / 2050000
[INFO 09:37:01] my_main Estimated time left: 11 hours, 20 minutes, 37 seconds. Time passed: 2 hours, 14 minutes, 44 seconds
[INFO 09:37:47] my_main Updated target network
[INFO 09:39:25] my_main Updated target network
[INFO 09:40:48] my_main Saving models to /home/hhk22/RODE-plus/results/rode_seed0_sc2_5m_vs_6m/models/300049
[INFO 09:40:54] my_main Recent Stats | t_env:     300326 | Episode:    13644
action_encoder_grad_norm:  1.7112	battle_won_mean:           0.0088	ep_length_mean:           21.6483	epsilon:                   0.0500
grad_norm:                 4.7313	loss:                      0.0483	pred_obs_loss:             0.8262	pred_r_loss:               0.0062
q_taken_mean:              0.8336	return_mean:               7.6626	return_std:                1.7339	role_loss:                 0.4053
role_q_taken_mean:         0.8996	target_mean:               0.8330	td_error_abs:              0.1522	test_battle_won_mean:      0.0437
test_ep_length_mean:      22.3062	test_return_mean:          9.0208	test_return_std:           1.9335	
[INFO 09:40:55] my_main t_env: 300393 / 2050000
[INFO 09:40:55] my_main Estimated time left: 11 hours, 22 minutes, 59 seconds. Time passed: 2 hours, 18 minutes, 38 seconds
[INFO 09:41:13] my_main Updated target network
RequestQuit command received.
DataHandler: unable to parse websocket frame.
Closing Application...
CloseHandler: 127.0.0.1:40416 disconnected
ResponseThread: No connection, dropping the response.
[INFO 09:41:24] absl Shutdown gracefully.
[INFO 09:41:24] absl Shutdown with return code: -15
[INFO 09:41:24] absl Launching SC2: /home/hhk22/RODE-plus/3rdparty/StarCraftII/Versions/Base75689/SC2_x64 -listen 127.0.0.1 -port 45576 -dataDir /home/hhk22/RODE-plus/3rdparty/StarCraftII/ -tempDir /tmp/sc-pv_o65g2/ -eglpath libEGL.so
[INFO 09:41:24] absl Connecting to: ws://127.0.0.1:45576/sc2api, attempt: 0, running: True
Version: B75689 (SC2.4.10)
Build: Aug 12 2019 17:16:57
Command Line: '"/home/hhk22/RODE-plus/3rdparty/StarCraftII/Versions/Base75689/SC2_x64" -listen 127.0.0.1 -port 45576 -dataDir /home/hhk22/RODE-plus/3rdparty/StarCraftII/ -tempDir /tmp/sc-pv_o65g2/ -eglpath libEGL.so'
Starting up...
Startup Phase 1 complete
[INFO 09:41:25] absl Connecting to: ws://127.0.0.1:45576/sc2api, attempt: 1, running: True
Startup Phase 2 complete
Attempting to initialize EGL from file libEGL.so ...
Successfully loaded EGL library!
Successfully initialized display on device idx: 0, EGL version: 1.5

Running CGLSimpleDevice::HALInit...
Calling glGetString: 0x7ff7008f3fe0
Version: 4.6.0 NVIDIA 535.104.05
Vendor: NVIDIA Corporation
Renderer: Tesla V100-SXM3-32GB/PCIe/SSE2
OpenGL initialized!
[INFO 09:41:26] absl Connecting to: ws://127.0.0.1:45576/sc2api, attempt: 2, running: True
Listening on: 127.0.0.1:45576
Startup Phase 3 complete. Ready for commands.
[INFO 09:41:27] absl Connecting to: ws://127.0.0.1:45576/sc2api, attempt: 3, running: True
ConnectHandler: Request from 127.0.0.1:57652 accepted
ReadyHandler: 127.0.0.1:57652 ready
Requesting to join a single player game
Configuring interface options
Configure: raw interface enabled
Configure: feature layer interface disabled
Configure: score interface disabled
Configure: render interface disabled
Launching next game.
Next launch phase started: 2
Next launch phase started: 3
Next launch phase started: 4
Next launch phase started: 5
Next launch phase started: 6
Next launch phase started: 7
Next launch phase started: 8
Game has started.
Using default stable ids, none found at: /home/hhk22/RODE-plus/3rdparty/StarCraftII/stableid.json
Successfully loaded stable ids: GameData\stableid.json
Sending ResponseJoinGame
[INFO 09:43:00] my_main Updated target network
[INFO 09:44:39] my_main Updated target network
[INFO 09:44:56] my_main Recent Stats | t_env:     310356 | Episode:    14099
action_encoder_grad_norm:  1.7112	battle_won_mean:           0.0070	ep_length_mean:           21.5722	epsilon:                   0.0500
grad_norm:                 4.9032	loss:                      0.0530	pred_obs_loss:             0.8262	pred_r_loss:               0.0062
q_taken_mean:              0.8515	return_mean:               7.6810	return_std:                1.6414	role_loss:                 0.3976
role_q_taken_mean:         0.8951	target_mean:               0.8489	td_error_abs:              0.1591	test_battle_won_mean:      0.0063
test_ep_length_mean:      21.9000	test_return_mean:          8.4415	test_return_std:           1.3045	
[INFO 09:44:57] my_main t_env: 310400 / 2050000
[INFO 09:44:57] my_main Estimated time left: 11 hours, 40 minutes, 30 seconds. Time passed: 2 hours, 22 minutes, 40 seconds
[INFO 09:46:31] my_main Updated target network
[INFO 09:48:16] my_main Updated target network
[INFO 09:48:56] my_main t_env: 320414 / 2050000
[INFO 09:48:56] my_main Estimated time left: 11 hours, 26 minutes, 2 seconds. Time passed: 2 hours, 26 minutes, 38 seconds
[INFO 09:49:05] my_main Recent Stats | t_env:     320414 | Episode:    14538
action_encoder_grad_norm:  1.7112	battle_won_mean:           0.0027	ep_length_mean:           21.9621	epsilon:                   0.0500
grad_norm:                 4.9058	loss:                      0.0624	pred_obs_loss:             0.8262	pred_r_loss:               0.0062
q_taken_mean:              0.8639	return_mean:               7.6846	return_std:                1.4062	role_loss:                 0.4419
role_q_taken_mean:         0.8994	target_mean:               0.8640	td_error_abs:              0.1739	test_battle_won_mean:      0.0250
test_ep_length_mean:      23.5125	test_return_mean:          9.3203	test_return_std:           1.6842	
[INFO 09:50:11] my_main Updated target network
[INFO 09:51:59] my_main Updated target network
[INFO 09:52:51] my_main t_env: 330414 / 2050000
[INFO 09:52:51] my_main Estimated time left: 11 hours, 15 minutes, 58 seconds. Time passed: 2 hours, 30 minutes, 34 seconds
[INFO 09:53:01] my_main Recent Stats | t_env:     330414 | Episode:    14959
action_encoder_grad_norm:  1.7112	battle_won_mean:           0.0051	ep_length_mean:           22.5468	epsilon:                   0.0500
grad_norm:                 4.6860	loss:                      0.0616	pred_obs_loss:             0.8262	pred_r_loss:               0.0062
q_taken_mean:              0.8679	return_mean:               7.8838	return_std:                1.5391	role_loss:                 0.4190
role_q_taken_mean:         0.9069	target_mean:               0.8731	td_error_abs:              0.1798	test_battle_won_mean:      0.0312
test_ep_length_mean:      23.4937	test_return_mean:          9.3795	test_return_std:           1.7980	
[INFO 09:53:59] my_main Updated target network
[INFO 09:55:50] my_main Updated target network
[INFO 09:56:56] my_main t_env: 340433 / 2050000
[INFO 09:56:56] my_main Estimated time left: 11 hours, 35 minutes, 47 seconds. Time passed: 2 hours, 34 minutes, 39 seconds
[INFO 09:57:07] my_main Recent Stats | t_env:     340433 | Episode:    15380
action_encoder_grad_norm:  1.7112	battle_won_mean:           0.0084	ep_length_mean:           22.8521	epsilon:                   0.0500
grad_norm:                 5.3512	loss:                      0.0729	pred_obs_loss:             0.8262	pred_r_loss:               0.0062
q_taken_mean:              0.8831	return_mean:               8.0048	return_std:                1.6823	role_loss:                 0.5186
role_q_taken_mean:         0.9275	target_mean:               0.8858	td_error_abs:              0.1900	test_battle_won_mean:      0.0437
test_ep_length_mean:      24.5188	test_return_mean:          9.5875	test_return_std:           2.1431	
[INFO 09:57:55] my_main Updated target network
[INFO 09:59:49] my_main Updated target network
[INFO 10:01:09] my_main t_env: 350437 / 2050000
[INFO 10:01:09] my_main Estimated time left: 11 hours, 56 minutes, 15 seconds. Time passed: 2 hours, 38 minutes, 52 seconds
[INFO 10:01:19] my_main Recent Stats | t_env:     350437 | Episode:    15805
action_encoder_grad_norm:  1.7112	battle_won_mean:           0.0094	ep_length_mean:           23.2094	epsilon:                   0.0500
grad_norm:                 5.3410	loss:                      0.0756	pred_obs_loss:             0.8262	pred_r_loss:               0.0062
q_taken_mean:              0.8810	return_mean:               8.1430	return_std:                1.7351	role_loss:                 0.5217
role_q_taken_mean:         0.9433	target_mean:               0.8857	td_error_abs:              0.1949	test_battle_won_mean:      0.0500
test_ep_length_mean:      24.9812	test_return_mean:          9.8005	test_return_std:           2.3585	
[INFO 10:01:52] my_main Updated target network
[INFO 10:03:50] my_main Updated target network
[INFO 10:05:19] my_main t_env: 360438 / 2050000
[INFO 10:05:19] my_main Estimated time left: 11 hours, 43 minutes, 18 seconds. Time passed: 2 hours, 43 minutes, 2 seconds
[INFO 10:05:29] my_main Recent Stats | t_env:     360438 | Episode:    16222
action_encoder_grad_norm:  1.7112	battle_won_mean:           0.0157	ep_length_mean:           23.5977	epsilon:                   0.0500
grad_norm:                 4.6267	loss:                      0.0920	pred_obs_loss:             0.8262	pred_r_loss:               0.0062
q_taken_mean:              0.8748	return_mean:               8.4008	return_std:                2.0036	role_loss:                 0.5539
role_q_taken_mean:         0.9427	target_mean:               0.8873	td_error_abs:              0.2075	test_battle_won_mean:      0.0938
test_ep_length_mean:      25.2750	test_return_mean:         10.5434	test_return_std:           3.0413	
RequestQuit command received.
Closing Application...
DataHandler: unable to parse websocket frame.
CloseHandler: 127.0.0.1:57652 disconnected
ResponseThread: No connection, dropping the response.
[INFO 10:05:49] absl Shutdown gracefully.
[INFO 10:05:49] absl Shutdown with return code: -15
[INFO 10:05:49] absl Launching SC2: /home/hhk22/RODE-plus/3rdparty/StarCraftII/Versions/Base75689/SC2_x64 -listen 127.0.0.1 -port 35006 -dataDir /home/hhk22/RODE-plus/3rdparty/StarCraftII/ -tempDir /tmp/sc-45f0hn60/ -eglpath libEGL.so
[INFO 10:05:49] absl Connecting to: ws://127.0.0.1:35006/sc2api, attempt: 0, running: True
Version: B75689 (SC2.4.10)
Build: Aug 12 2019 17:16:57
Command Line: '"/home/hhk22/RODE-plus/3rdparty/StarCraftII/Versions/Base75689/SC2_x64" -listen 127.0.0.1 -port 35006 -dataDir /home/hhk22/RODE-plus/3rdparty/StarCraftII/ -tempDir /tmp/sc-45f0hn60/ -eglpath libEGL.so'
Starting up...
Startup Phase 1 complete
[INFO 10:05:50] absl Connecting to: ws://127.0.0.1:35006/sc2api, attempt: 1, running: True
Startup Phase 2 complete
Attempting to initialize EGL from file libEGL.so ...
Successfully loaded EGL library!
Successfully initialized display on device idx: 0, EGL version: 1.5

Running CGLSimpleDevice::HALInit...
Calling glGetString: 0x7f61f1a6efe0
Version: 4.6.0 NVIDIA 535.104.05
Vendor: NVIDIA Corporation
Renderer: Tesla V100-SXM3-32GB/PCIe/SSE2
OpenGL initialized!
[INFO 10:05:51] absl Connecting to: ws://127.0.0.1:35006/sc2api, attempt: 2, running: True
Listening on: 127.0.0.1:35006
Startup Phase 3 complete. Ready for commands.
[INFO 10:05:52] absl Connecting to: ws://127.0.0.1:35006/sc2api, attempt: 3, running: True
ConnectHandler: Request from 127.0.0.1:55750 accepted
ReadyHandler: 127.0.0.1:55750 ready
Requesting to join a single player game
Configuring interface options
Configure: raw interface enabled
Configure: feature layer interface disabled
Configure: score interface disabled
Configure: render interface disabled
Launching next game.
Next launch phase started: 2
Next launch phase started: 3
Next launch phase started: 4
Next launch phase started: 5
Next launch phase started: 6
Next launch phase started: 7
Next launch phase started: 8
Game has started.
Using default stable ids, none found at: /home/hhk22/RODE-plus/3rdparty/StarCraftII/stableid.json
Successfully loaded stable ids: GameData\stableid.json
Sending ResponseJoinGame
[INFO 10:06:03] my_main Updated target network
[INFO 10:07:58] my_main Updated target network
[INFO 10:09:46] my_main t_env: 370447 / 2050000
[INFO 10:09:46] my_main Estimated time left: 12 hours, 26 minutes, 21 seconds. Time passed: 2 hours, 47 minutes, 28 seconds
[INFO 10:09:55] my_main Recent Stats | t_env:     370447 | Episode:    16650
action_encoder_grad_norm:  1.7112	battle_won_mean:           0.0176	ep_length_mean:           23.6917	epsilon:                   0.0500
grad_norm:                 5.1977	loss:                      0.0967	pred_obs_loss:             0.8262	pred_r_loss:               0.0062
q_taken_mean:              0.8676	return_mean:               8.5227	return_std:                2.0829	role_loss:                 0.5667
role_q_taken_mean:         0.9531	target_mean:               0.8714	td_error_abs:              0.2086	test_battle_won_mean:      0.0750
test_ep_length_mean:      24.9000	test_return_mean:         10.1158	test_return_std:           2.5826	
[INFO 10:10:04] my_main Updated target network
[INFO 10:12:00] my_main Updated target network
[INFO 10:13:53] my_main Updated target network
[INFO 10:14:04] my_main t_env: 380455 / 2050000
[INFO 10:14:04] my_main Estimated time left: 11 hours, 57 minutes, 28 seconds. Time passed: 2 hours, 51 minutes, 47 seconds
[INFO 10:14:14] my_main Recent Stats | t_env:     380455 | Episode:    17083
action_encoder_grad_norm:  1.7112	battle_won_mean:           0.0170	ep_length_mean:           23.5638	epsilon:                   0.0500
grad_norm:                 6.9769	loss:                      0.1047	pred_obs_loss:             0.8262	pred_r_loss:               0.0062
q_taken_mean:              0.8699	return_mean:               8.5043	return_std:                2.0664	role_loss:                 0.6060
role_q_taken_mean:         0.9637	target_mean:               0.8657	td_error_abs:              0.2131	test_battle_won_mean:      0.0813
test_ep_length_mean:      24.8313	test_return_mean:         10.1976	test_return_std:           2.6691	
[INFO 10:16:00] my_main Updated target network
[INFO 10:17:58] my_main Updated target network
[INFO 10:18:18] my_main t_env: 390461 / 2050000
[INFO 10:18:18] my_main Estimated time left: 11 hours, 42 minutes, 18 seconds. Time passed: 2 hours, 56 minutes, 1 seconds
[INFO 10:18:27] my_main Recent Stats | t_env:     390461 | Episode:    17500
action_encoder_grad_norm:  1.7112	battle_won_mean:           0.0171	ep_length_mean:           23.6032	epsilon:                   0.0500
grad_norm:                 6.2996	loss:                      0.1011	pred_obs_loss:             0.8262	pred_r_loss:               0.0062
q_taken_mean:              0.8621	return_mean:               8.5981	return_std:                2.0567	role_loss:                 0.5302
role_q_taken_mean:         0.9478	target_mean:               0.8605	td_error_abs:              0.2128	test_battle_won_mean:      0.0875
test_ep_length_mean:      24.3438	test_return_mean:         10.3142	test_return_std:           2.7478	
[INFO 10:20:03] my_main Updated target network
[INFO 10:22:02] my_main Updated target network
[INFO 10:22:18] my_main Saving models to /home/hhk22/RODE-plus/results/rode_seed0_sc2_5m_vs_6m/models/400051
[INFO 10:22:28] my_main t_env: 400473 / 2050000
[INFO 10:22:28] my_main Estimated time left: 11 hours, 27 minutes, 46 seconds. Time passed: 3 hours, 11 seconds
[INFO 10:22:38] my_main Recent Stats | t_env:     400473 | Episode:    17909
action_encoder_grad_norm:  1.7112	battle_won_mean:           0.0216	ep_length_mean:           23.7913	epsilon:                   0.0500
grad_norm:                 6.4680	loss:                      0.1130	pred_obs_loss:             0.8262	pred_r_loss:               0.0062
q_taken_mean:              0.8834	return_mean:               8.7440	return_std:                2.1907	role_loss:                 0.5613
role_q_taken_mean:         0.9586	target_mean:               0.8825	td_error_abs:              0.2257	test_battle_won_mean:      0.1437
test_ep_length_mean:      24.5250	test_return_mean:         10.9762	test_return_std:           3.2904	
[INFO 10:24:12] my_main Updated target network
[INFO 10:26:14] my_main Updated target network
[INFO 10:26:47] my_main t_env: 410483 / 2050000
[INFO 10:26:47] my_main Estimated time left: 11 hours, 46 minutes, 5 seconds. Time passed: 3 hours, 4 minutes, 30 seconds
[INFO 10:26:57] my_main Recent Stats | t_env:     410483 | Episode:    18318
action_encoder_grad_norm:  1.7112	battle_won_mean:           0.0212	ep_length_mean:           23.8895	epsilon:                   0.0500
grad_norm:                 6.0843	loss:                      0.1158	pred_obs_loss:             0.8262	pred_r_loss:               0.0062
q_taken_mean:              0.9103	return_mean:               8.7387	return_std:                2.1777	role_loss:                 0.5809
role_q_taken_mean:         0.9587	target_mean:               0.9034	td_error_abs:              0.2294	test_battle_won_mean:      0.1750
test_ep_length_mean:      24.6938	test_return_mean:         11.2946	test_return_std:           3.4195	
[INFO 10:28:29] my_main Updated target network
[INFO 10:30:31] my_main Updated target network
[INFO 10:31:05] my_main t_env: 420533 / 2050000
[INFO 10:31:05] my_main Estimated time left: 11 hours, 38 minutes, 12 seconds. Time passed: 3 hours, 8 minutes, 48 seconds
[INFO 10:31:15] my_main Recent Stats | t_env:     420533 | Episode:    18720
action_encoder_grad_norm:  1.7112	battle_won_mean:           0.0259	ep_length_mean:           24.2124	epsilon:                   0.0500
grad_norm:                 5.4585	loss:                      0.1226	pred_obs_loss:             0.8262	pred_r_loss:               0.0062
q_taken_mean:              0.9325	return_mean:               8.8019	return_std:                2.3207	role_loss:                 0.5295
role_q_taken_mean:         0.9468	target_mean:               0.9328	td_error_abs:              0.2345	test_battle_won_mean:      0.1938
test_ep_length_mean:      24.9250	test_return_mean:         11.7108	test_return_std:           3.8726	
DataHandler: unable to parse websocket frame.
RequestQuit command received.
CloseHandler: 127.0.0.1:55750 disconnected
Closing Application...
ResponseThread: No connection, dropping the response.
[INFO 10:31:37] absl Shutdown gracefully.
[INFO 10:31:37] absl Shutdown with return code: -15
[INFO 10:31:37] absl Launching SC2: /home/hhk22/RODE-plus/3rdparty/StarCraftII/Versions/Base75689/SC2_x64 -listen 127.0.0.1 -port 41296 -dataDir /home/hhk22/RODE-plus/3rdparty/StarCraftII/ -tempDir /tmp/sc-_hpvsdr7/ -eglpath libEGL.so
[INFO 10:31:37] absl Connecting to: ws://127.0.0.1:41296/sc2api, attempt: 0, running: True
Version: B75689 (SC2.4.10)
Build: Aug 12 2019 17:16:57
Command Line: '"/home/hhk22/RODE-plus/3rdparty/StarCraftII/Versions/Base75689/SC2_x64" -listen 127.0.0.1 -port 41296 -dataDir /home/hhk22/RODE-plus/3rdparty/StarCraftII/ -tempDir /tmp/sc-_hpvsdr7/ -eglpath libEGL.so'
Starting up...
Startup Phase 1 complete
[INFO 10:31:38] absl Connecting to: ws://127.0.0.1:41296/sc2api, attempt: 1, running: True
Startup Phase 2 complete
Attempting to initialize EGL from file libEGL.so ...
Successfully loaded EGL library!
Successfully initialized display on device idx: 0, EGL version: 1.5

Running CGLSimpleDevice::HALInit...
Calling glGetString: 0x7fee2b5f4fe0
Version: 4.6.0 NVIDIA 535.104.05
Vendor: NVIDIA Corporation
Renderer: Tesla V100-SXM3-32GB/PCIe/SSE2
OpenGL initialized!
[INFO 10:31:39] absl Connecting to: ws://127.0.0.1:41296/sc2api, attempt: 2, running: True
Listening on: 127.0.0.1:41296
Startup Phase 3 complete. Ready for commands.
[INFO 10:31:40] absl Connecting to: ws://127.0.0.1:41296/sc2api, attempt: 3, running: True
ConnectHandler: Request from 127.0.0.1:50580 accepted
ReadyHandler: 127.0.0.1:50580 ready
Requesting to join a single player game
Configuring interface options
Configure: raw interface enabled
Configure: feature layer interface disabled
Configure: score interface disabled
Configure: render interface disabled
Launching next game.
Next launch phase started: 2
Next launch phase started: 3
Next launch phase started: 4
Next launch phase started: 5
Next launch phase started: 6
Next launch phase started: 7
Next launch phase started: 8
Game has started.
Using default stable ids, none found at: /home/hhk22/RODE-plus/3rdparty/StarCraftII/stableid.json
Successfully loaded stable ids: GameData\stableid.json
Sending ResponseJoinGame
[INFO 10:32:53] my_main Updated target network
[INFO 10:34:57] my_main Updated target network
[INFO 10:35:36] my_main t_env: 430553 / 2050000
[INFO 10:35:36] my_main Estimated time left: 12 hours, 9 minutes, 6 seconds. Time passed: 3 hours, 13 minutes, 19 seconds
[INFO 10:35:46] my_main Recent Stats | t_env:     430553 | Episode:    19127
action_encoder_grad_norm:  1.7112	battle_won_mean:           0.0324	ep_length_mean:           24.5136	epsilon:                   0.0500
grad_norm:                 3.8263	loss:                      0.1388	pred_obs_loss:             0.8262	pred_r_loss:               0.0062
q_taken_mean:              0.9464	return_mean:               8.9307	return_std:                2.5242	role_loss:                 0.5208
role_q_taken_mean:         0.9205	target_mean:               0.9539	td_error_abs:              0.2454	test_battle_won_mean:      0.2062
test_ep_length_mean:      25.0813	test_return_mean:         11.9243	test_return_std:           3.9785	
[INFO 10:37:11] my_main Updated target network
[INFO 10:39:20] my_main Updated target network
[INFO 10:39:59] my_main t_env: 440556 / 2050000
[INFO 10:39:59] my_main Estimated time left: 11 hours, 45 minutes, 8 seconds. Time passed: 3 hours, 17 minutes, 42 seconds
[INFO 10:40:09] my_main Recent Stats | t_env:     440556 | Episode:    19527
action_encoder_grad_norm:  1.7112	battle_won_mean:           0.0350	ep_length_mean:           24.7160	epsilon:                   0.0500
grad_norm:                 4.5624	loss:                      0.1667	pred_obs_loss:             0.8262	pred_r_loss:               0.0062
q_taken_mean:              0.9813	return_mean:               8.9398	return_std:                2.6034	role_loss:                 0.6128
role_q_taken_mean:         0.9386	target_mean:               0.9904	td_error_abs:              0.2641	test_battle_won_mean:      0.2062
test_ep_length_mean:      24.9187	test_return_mean:         11.9031	test_return_std:           3.9867	
[INFO 10:41:36] my_main Updated target network
[INFO 10:43:47] my_main Updated target network
[INFO 10:44:24] my_main t_env: 450569 / 2050000
[INFO 10:44:24] my_main Estimated time left: 11 hours, 44 minutes, 26 seconds. Time passed: 3 hours, 22 minutes, 6 seconds
[INFO 10:44:34] my_main Recent Stats | t_env:     450569 | Episode:    19923
action_encoder_grad_norm:  1.7112	battle_won_mean:           0.0373	ep_length_mean:           24.8773	epsilon:                   0.0500
grad_norm:                 5.6830	loss:                      0.2342	pred_obs_loss:             0.8262	pred_r_loss:               0.0062
q_taken_mean:              1.0213	return_mean:               8.9175	return_std:                2.6663	role_loss:                 0.7053
role_q_taken_mean:         0.9531	target_mean:               1.0349	td_error_abs:              0.2963	test_battle_won_mean:      0.2625
test_ep_length_mean:      25.1000	test_return_mean:         12.5212	test_return_std:           3.9646	
[INFO 10:46:05] my_main Updated target network
[INFO 10:48:15] my_main Updated target network
[INFO 10:48:48] my_main t_env: 460593 / 2050000
[INFO 10:48:48] my_main Estimated time left: 11 hours, 38 minutes, 38 seconds. Time passed: 3 hours, 26 minutes, 31 seconds
[INFO 10:48:58] my_main Recent Stats | t_env:     460593 | Episode:    20317
action_encoder_grad_norm:  1.7112	battle_won_mean:           0.0507	ep_length_mean:           25.0707	epsilon:                   0.0500
grad_norm:                 5.9604	loss:                      0.2541	pred_obs_loss:             0.8262	pred_r_loss:               0.0062
q_taken_mean:              1.0461	return_mean:               9.1205	return_std:                2.9081	role_loss:                 0.6963
role_q_taken_mean:         0.9644	target_mean:               1.0569	td_error_abs:              0.3124	test_battle_won_mean:      0.2437
test_ep_length_mean:      25.3813	test_return_mean:         12.4396	test_return_std:           3.8280	
[INFO 10:50:35] my_main Updated target network
[INFO 10:52:50] my_main Updated target network
[INFO 10:53:14] my_main t_env: 470612 / 2050000
[INFO 10:53:14] my_main Estimated time left: 11 hours, 38 minutes, 56 seconds. Time passed: 3 hours, 30 minutes, 57 seconds
[INFO 10:53:24] my_main Recent Stats | t_env:     470612 | Episode:    20702
action_encoder_grad_norm:  1.7112	battle_won_mean:           0.0562	ep_length_mean:           25.2754	epsilon:                   0.0500
grad_norm:                 7.2444	loss:                      0.2808	pred_obs_loss:             0.8262	pred_r_loss:               0.0062
q_taken_mean:              1.0766	return_mean:               9.2272	return_std:                2.9949	role_loss:                 0.8144
role_q_taken_mean:         1.0012	target_mean:               1.0792	td_error_abs:              0.3307	test_battle_won_mean:      0.2625
test_ep_length_mean:      25.7563	test_return_mean:         12.7351	test_return_std:           3.9854	
[INFO 10:55:08] my_main Updated target network
[INFO 10:57:22] my_main Updated target network
[INFO 10:57:43] my_main t_env: 480616 / 2050000
[INFO 10:57:43] my_main Estimated time left: 11 hours, 43 minutes, 36 seconds. Time passed: 3 hours, 35 minutes, 26 seconds
[INFO 10:57:53] my_main Recent Stats | t_env:     480616 | Episode:    21097
action_encoder_grad_norm:  1.7112	battle_won_mean:           0.0631	ep_length_mean:           25.4169	epsilon:                   0.0500
grad_norm:                 7.4237	loss:                      0.2930	pred_obs_loss:             0.8262	pred_r_loss:               0.0062
q_taken_mean:              1.1015	return_mean:               9.3468	return_std:                3.1015	role_loss:                 0.8941
role_q_taken_mean:         1.0463	target_mean:               1.1031	td_error_abs:              0.3421	test_battle_won_mean:      0.3125
test_ep_length_mean:      25.9937	test_return_mean:         13.2318	test_return_std:           4.2397	
RequestQuit command received.
DataHandler: unable to parse websocket frame.
Closing Application...
CloseHandler: 127.0.0.1:50580 disconnected
ResponseThread: No connection, dropping the response.
[INFO 10:58:12] absl Shutdown gracefully.
[INFO 10:58:12] absl Shutdown with return code: -15
[INFO 10:58:13] absl Launching SC2: /home/hhk22/RODE-plus/3rdparty/StarCraftII/Versions/Base75689/SC2_x64 -listen 127.0.0.1 -port 33925 -dataDir /home/hhk22/RODE-plus/3rdparty/StarCraftII/ -tempDir /tmp/sc-fmz_jrje/ -eglpath libEGL.so
[INFO 10:58:13] absl Connecting to: ws://127.0.0.1:33925/sc2api, attempt: 0, running: True
Version: B75689 (SC2.4.10)
Build: Aug 12 2019 17:16:57
Command Line: '"/home/hhk22/RODE-plus/3rdparty/StarCraftII/Versions/Base75689/SC2_x64" -listen 127.0.0.1 -port 33925 -dataDir /home/hhk22/RODE-plus/3rdparty/StarCraftII/ -tempDir /tmp/sc-fmz_jrje/ -eglpath libEGL.so'
Starting up...
Startup Phase 1 complete
[INFO 10:58:14] absl Connecting to: ws://127.0.0.1:33925/sc2api, attempt: 1, running: True
Startup Phase 2 complete
Attempting to initialize EGL from file libEGL.so ...
Successfully loaded EGL library!
Successfully initialized display on device idx: 0, EGL version: 1.5

Running CGLSimpleDevice::HALInit...
Calling glGetString: 0x7f66a88b2fe0
Version: 4.6.0 NVIDIA 535.104.05
Vendor: NVIDIA Corporation
Renderer: Tesla V100-SXM3-32GB/PCIe/SSE2
OpenGL initialized!
[INFO 10:58:15] absl Connecting to: ws://127.0.0.1:33925/sc2api, attempt: 2, running: True
Listening on: 127.0.0.1:33925
Startup Phase 3 complete. Ready for commands.
[INFO 10:58:16] absl Connecting to: ws://127.0.0.1:33925/sc2api, attempt: 3, running: True
ConnectHandler: Request from 127.0.0.1:35506 accepted
ReadyHandler: 127.0.0.1:35506 ready
Requesting to join a single player game
Configuring interface options
Configure: raw interface enabled
Configure: feature layer interface disabled
Configure: score interface disabled
Configure: render interface disabled
Launching next game.
Next launch phase started: 2
Next launch phase started: 3
Next launch phase started: 4
Next launch phase started: 5
Next launch phase started: 6
Next launch phase started: 7
Next launch phase started: 8
Game has started.
Using default stable ids, none found at: /home/hhk22/RODE-plus/3rdparty/StarCraftII/stableid.json
Successfully loaded stable ids: GameData\stableid.json
Sending ResponseJoinGame
[INFO 10:59:52] my_main Updated target network
[INFO 11:02:08] my_main Updated target network
[INFO 11:02:22] my_main t_env: 490625 / 2050000
[INFO 11:02:22] my_main Estimated time left: 12 hours, 4 minutes, 18 seconds. Time passed: 3 hours, 40 minutes, 5 seconds
[INFO 11:02:33] my_main Recent Stats | t_env:     490625 | Episode:    21486
action_encoder_grad_norm:  1.7112	battle_won_mean:           0.0710	ep_length_mean:           25.5614	epsilon:                   0.0500
grad_norm:                 9.8408	loss:                      0.2809	pred_obs_loss:             0.8262	pred_r_loss:               0.0062
q_taken_mean:              1.0975	return_mean:               9.4767	return_std:                3.2488	role_loss:                 1.0943
role_q_taken_mean:         1.0653	target_mean:               1.0979	td_error_abs:              0.3370	test_battle_won_mean:      0.3750
test_ep_length_mean:      26.5375	test_return_mean:         14.0297	test_return_std:           4.5024	
[INFO 11:04:35] my_main Updated target network
[INFO 11:06:39] my_main Saving models to /home/hhk22/RODE-plus/results/rode_seed0_sc2_5m_vs_6m/models/500055
[INFO 11:06:53] my_main Updated target network
[INFO 11:06:53] my_main t_env: 500639 / 2050000
[INFO 11:06:53] my_main Estimated time left: 11 hours, 39 minutes, 51 seconds. Time passed: 3 hours, 44 minutes, 36 seconds
[INFO 11:07:04] my_main Recent Stats | t_env:     500639 | Episode:    21866
action_encoder_grad_norm:  1.7112	battle_won_mean:           0.0750	ep_length_mean:           25.7749	epsilon:                   0.0500
grad_norm:                 8.9534	loss:                      0.2332	pred_obs_loss:             0.8262	pred_r_loss:               0.0062
q_taken_mean:              1.0672	return_mean:               9.5967	return_std:                3.3041	role_loss:                 1.0337
role_q_taken_mean:         1.0483	target_mean:               1.0535	td_error_abs:              0.3170	test_battle_won_mean:      0.3750
test_ep_length_mean:      26.8438	test_return_mean:         14.0257	test_return_std:           4.5032	
[INFO 11:09:20] my_main Updated target network
[INFO 11:11:33] my_main t_env: 510650 / 2050000
[INFO 11:11:33] my_main Estimated time left: 11 hours, 57 minutes, 9 seconds. Time passed: 3 hours, 49 minutes, 16 seconds
[INFO 11:11:44] my_main Recent Stats | t_env:     510650 | Episode:    22253
action_encoder_grad_norm:  1.7112	battle_won_mean:           0.0774	ep_length_mean:           25.8602	epsilon:                   0.0500
grad_norm:                 9.6709	loss:                      0.2161	pred_obs_loss:             0.8262	pred_r_loss:               0.0062
q_taken_mean:              1.0303	return_mean:               9.6596	return_std:                3.3176	role_loss:                 1.0316
role_q_taken_mean:         1.0416	target_mean:               1.0248	td_error_abs:              0.3064	test_battle_won_mean:      0.4188
test_ep_length_mean:      26.8125	test_return_mean:         14.4491	test_return_std:           4.5693	
[INFO 11:11:53] my_main Updated target network
[INFO 11:14:12] my_main Updated target network
[INFO 11:16:20] my_main t_env: 520655 / 2050000
[INFO 11:16:20] my_main Estimated time left: 12 hours, 10 minutes, 19 seconds. Time passed: 3 hours, 54 minutes, 3 seconds
[INFO 11:16:30] my_main Recent Stats | t_env:     520655 | Episode:    22648
action_encoder_grad_norm:  1.7112	battle_won_mean:           0.0862	ep_length_mean:           25.7213	epsilon:                   0.0500
grad_norm:                10.2635	loss:                      0.2255	pred_obs_loss:             0.8262	pred_r_loss:               0.0062
q_taken_mean:              1.0257	return_mean:               9.7840	return_std:                3.4536	role_loss:                 1.2394
role_q_taken_mean:         1.0496	target_mean:               1.0282	td_error_abs:              0.3099	test_battle_won_mean:      0.4625
test_ep_length_mean:      26.9125	test_return_mean:         14.9170	test_return_std:           4.7022	
[INFO 11:16:43] my_main Updated target network
[INFO 11:19:01] my_main Updated target network
[INFO 11:21:00] my_main t_env: 530667 / 2050000
[INFO 11:21:00] my_main Estimated time left: 11 hours, 47 minutes, 11 seconds. Time passed: 3 hours, 58 minutes, 42 seconds
[INFO 11:21:10] my_main Recent Stats | t_env:     530667 | Episode:    23032
action_encoder_grad_norm:  1.7112	battle_won_mean:           0.0861	ep_length_mean:           25.8706	epsilon:                   0.0500
grad_norm:                12.0315	loss:                      0.2755	pred_obs_loss:             0.8262	pred_r_loss:               0.0062
q_taken_mean:              1.0714	return_mean:               9.8075	return_std:                3.4420	role_loss:                 1.4193
role_q_taken_mean:         1.0742	target_mean:               1.0634	td_error_abs:              0.3341	test_battle_won_mean:      0.4062
test_ep_length_mean:      26.7125	test_return_mean:         14.3642	test_return_std:           4.3888	
[INFO 11:21:32] my_main Updated target network
[INFO 11:23:54] my_main Updated target network
[INFO 11:25:34] my_main t_env: 540680 / 2050000
[INFO 11:25:34] my_main Estimated time left: 11 hours, 28 minutes, 18 seconds. Time passed: 4 hours, 3 minutes, 16 seconds
[INFO 11:25:44] my_main Recent Stats | t_env:     540680 | Episode:    23410
action_encoder_grad_norm:  1.7112	battle_won_mean:           0.0802	ep_length_mean:           26.0225	epsilon:                   0.0500
grad_norm:                11.7087	loss:                      0.3245	pred_obs_loss:             0.8262	pred_r_loss:               0.0062
q_taken_mean:              1.1084	return_mean:               9.7050	return_std:                3.3279	role_loss:                 1.5072
role_q_taken_mean:         1.0852	target_mean:               1.1021	td_error_abs:              0.3624	test_battle_won_mean:      0.3812
test_ep_length_mean:      26.3938	test_return_mean:         13.9066	test_return_std:           4.4762	
RequestQuit command received.
Closing Application...
DataHandler: unable to parse websocket frame.
CloseHandler: 127.0.0.1:35506 disconnected
ResponseThread: No connection, dropping the response.
[INFO 11:25:58] absl Shutdown gracefully.
[INFO 11:25:58] absl Shutdown with return code: -15
[INFO 11:25:58] absl Launching SC2: /home/hhk22/RODE-plus/3rdparty/StarCraftII/Versions/Base75689/SC2_x64 -listen 127.0.0.1 -port 39704 -dataDir /home/hhk22/RODE-plus/3rdparty/StarCraftII/ -tempDir /tmp/sc-nqp220g5/ -eglpath libEGL.so
[INFO 11:25:58] absl Connecting to: ws://127.0.0.1:39704/sc2api, attempt: 0, running: True
Version: B75689 (SC2.4.10)
Build: Aug 12 2019 17:16:57
Command Line: '"/home/hhk22/RODE-plus/3rdparty/StarCraftII/Versions/Base75689/SC2_x64" -listen 127.0.0.1 -port 39704 -dataDir /home/hhk22/RODE-plus/3rdparty/StarCraftII/ -tempDir /tmp/sc-nqp220g5/ -eglpath libEGL.so'
Starting up...
Startup Phase 1 complete
[INFO 11:25:59] absl Connecting to: ws://127.0.0.1:39704/sc2api, attempt: 1, running: True
Startup Phase 2 complete
Attempting to initialize EGL from file libEGL.so ...
Successfully loaded EGL library!
Successfully initialized display on device idx: 0, EGL version: 1.5

Running CGLSimpleDevice::HALInit...
Calling glGetString: 0x7fdd4c98cfe0
Version: 4.6.0 NVIDIA 535.104.05
Vendor: NVIDIA Corporation
Renderer: Tesla V100-SXM3-32GB/PCIe/SSE2
OpenGL initialized!
[INFO 11:26:00] absl Connecting to: ws://127.0.0.1:39704/sc2api, attempt: 2, running: True
Listening on: 127.0.0.1:39704
Startup Phase 3 complete. Ready for commands.
[INFO 11:26:01] absl Connecting to: ws://127.0.0.1:39704/sc2api, attempt: 3, running: True
ConnectHandler: Request from 127.0.0.1:50470 accepted
ReadyHandler: 127.0.0.1:50470 ready
Requesting to join a single player game
Configuring interface options
Configure: raw interface enabled
Configure: feature layer interface disabled
Configure: score interface disabled
Configure: render interface disabled
Launching next game.
Next launch phase started: 2
Next launch phase started: 3
Next launch phase started: 4
Next launch phase started: 5
Next launch phase started: 6
Next launch phase started: 7
Next launch phase started: 8
Game has started.
Using default stable ids, none found at: /home/hhk22/RODE-plus/3rdparty/StarCraftII/stableid.json
Successfully loaded stable ids: GameData\stableid.json
Sending ResponseJoinGame
[INFO 11:26:29] my_main Updated target network
[INFO 11:28:52] my_main Updated target network
[INFO 11:30:22] my_main t_env: 550724 / 2050000
[INFO 11:30:22] my_main Estimated time left: 11 hours, 56 minutes, 23 seconds. Time passed: 4 hours, 8 minutes, 4 seconds
[INFO 11:30:32] my_main Recent Stats | t_env:     550724 | Episode:    23790
action_encoder_grad_norm:  1.7112	battle_won_mean:           0.0839	ep_length_mean:           26.0382	epsilon:                   0.0500
grad_norm:                13.8797	loss:                      0.3659	pred_obs_loss:             0.8262	pred_r_loss:               0.0062
q_taken_mean:              1.1425	return_mean:               9.6645	return_std:                3.4202	role_loss:                 1.6744
role_q_taken_mean:         1.1088	target_mean:               1.1376	td_error_abs:              0.3846	test_battle_won_mean:      0.2875
test_ep_length_mean:      26.5312	test_return_mean:         12.7877	test_return_std:           4.2995	
[INFO 11:31:29] my_main Updated target network
[INFO 11:33:56] my_main Updated target network
[INFO 11:34:52] my_main t_env: 560734 / 2050000
[INFO 11:34:52] my_main Estimated time left: 11 hours, 11 minutes, 8 seconds. Time passed: 4 hours, 12 minutes, 35 seconds
[INFO 11:35:03] my_main Recent Stats | t_env:     560734 | Episode:    24141
action_encoder_grad_norm:  1.7112	battle_won_mean:           0.0861	ep_length_mean:           26.5683	epsilon:                   0.0500
grad_norm:                14.1199	loss:                      0.4366	pred_obs_loss:             0.8262	pred_r_loss:               0.0062
q_taken_mean:              1.2147	return_mean:               9.6640	return_std:                3.4629	role_loss:                 1.8797
role_q_taken_mean:         1.1612	target_mean:               1.1995	td_error_abs:              0.4241	test_battle_won_mean:      0.2750
test_ep_length_mean:      26.7250	test_return_mean:         12.6415	test_return_std:           4.3243	
[INFO 11:36:35] my_main Updated target network
[INFO 11:39:09] my_main Updated target network
[INFO 11:39:33] my_main t_env: 570748 / 2050000
[INFO 11:39:33] my_main Estimated time left: 11 hours, 32 minutes, 32 seconds. Time passed: 4 hours, 17 minutes, 16 seconds
[INFO 11:39:44] my_main Recent Stats | t_env:     570748 | Episode:    24499
action_encoder_grad_norm:  1.7112	battle_won_mean:           0.0900	ep_length_mean:           27.0969	epsilon:                   0.0500
grad_norm:                15.9075	loss:                      0.5199	pred_obs_loss:             0.8262	pred_r_loss:               0.0062
q_taken_mean:              1.2731	return_mean:               9.7146	return_std:                3.5028	role_loss:                 2.0742
role_q_taken_mean:         1.1971	target_mean:               1.2500	td_error_abs:              0.4633	test_battle_won_mean:      0.2875
test_ep_length_mean:      26.8188	test_return_mean:         12.6932	test_return_std:           4.4063	
[INFO 11:41:46] my_main Updated target network
